- Nikto v2.1.6
---------------------------------------------------------------------------
+ Target IP:          138.68.182.108
+ Target Hostname:    138.68.182.108
+ Target Port:        30835
+ Start Time:         2021-05-16 19:39:22 (GMT5.5)
---------------------------------------------------------------------------
+ Server: Werkzeug/1.0.1 Python/3.9.0
+ The anti-clickjacking X-Frame-Options header is not present.
+ The X-XSS-Protection header is not defined. This header can hint to the user agent to protect against some forms of XSS
+ The X-Content-Type-Options header is not set. This could allow the user agent to render the content of the site in a different fashion to the MIME type
+ No CGI Directories found (use '-C all' to force check all possible dirs)
+ Multiple index files found: /index.jsp, /index.php7, /index.jhtml, /index.pl, /index.php5, /default.htm, /index.shtml, /index.htm, /default.aspx, /index.php3, /index.php4, /index.aspx, /index.xml, /index.do, /index.php, /index.html, /index.cgi, /index.cfm, /index.asp, /default.asp
+ Allowed HTTP Methods: GET, OPTIONS, HEAD 
+ Scan terminated:  20 error(s) and 5 item(s) reported on remote host
+ End Time:           2021-05-16 20:27:34 (GMT5.5) (2892 seconds)
---------------------------------------------------------------------------
+ 1 host(s) tested


      *********************************************************************
      Portions of the server's headers (Python/3.9.0) are not in
      the Nikto 2.1.6 database or are newer than the known string. Would you like
      to submit this information (*no server specific data*) to CIRT.net
      for a Nikto update (or you may email to sullo@cirt.net) (y/n)? 
