[1m[38;2;0;255;0m.[38;2;0;255;6m-[38;2;0;255;13m-[38;2;0;255;19m-[38;2;0;255;25m-[38;2;0;255;32m.[38;2;0;255;38m [38;2;0;255;45m.[38;2;0;255;51m-[38;2;0;255;57m.[38;2;0;255;64m [38;2;0;255;70m.[38;2;0;255;76m-[38;2;0;255;83m.[38;2;0;255;89m [38;2;0;255;96m.[38;2;0;255;102m-[38;2;0;255;108m-[38;2;0;255;115m-[38;2;0;255;121m-[38;2;0;255;127m.[38;2;0;255;134m.[38;2;0;255;140m-[38;2;0;255;147m-[38;2;0;255;153m-[38;2;0;255;159m.[38;2;0;255;166m [38;2;0;255;172m [38;2;0;255;178m.[38;2;0;255;185m-[38;2;0;255;191m-[38;2;0;255;198m-[38;2;0;255;204m-[38;2;0;255;210m.[38;2;0;255;217m [38;2;0;255;223m.[38;2;0;255;229m-[38;2;0;255;236m-[38;2;0;255;242m-[38;2;0;255;249m.[38;2;0;255;255m [38;2;0;249;255m [38;2;0;242;255m [38;2;0;236;255m.[38;2;0;230;255m-[38;2;0;223;255m-[38;2;0;217;255m.[38;2;0;210;255m [38;2;0;204;255m [38;2;0;198;255m.[38;2;0;191;255m-[38;2;0;185;255m.[38;2;0;179;255m [38;2;0;172;255m.[38;2;0;166;255m-[38;2;0;159;255m.[0m
[38;2;0;255;0m|[38;2;0;255;6m [38;2;0;255;13m{[38;2;0;255;19m}[38;2;0;255;25m [38;2;0;255;32m [38;2;0;255;38m}[38;2;0;255;45m|[38;2;0;255;51m [38;2;0;255;57m{[38;2;0;255;64m [38;2;0;255;70m}[38;2;0;255;76m [38;2;0;255;83m|[38;2;0;255;89m{[38;2;0;255;96m [38;2;0;255;102m{[38;2;0;255;108m_[38;2;0;255;115m_[38;2;0;255;121m [38;2;0;255;127m{[38;2;0;255;134m_[38;2;0;255;140m [38;2;0;255;147m [38;2;0;255;153m [38;2;0;255;159m_[38;2;0;255;166m}[38;2;0;255;172m{[38;2;0;255;178m [38;2;0;255;185m{[38;2;0;255;191m_[38;2;0;255;198m_[38;2;0;255;204m [38;2;0;255;210m [38;2;0;255;217m/[38;2;0;255;223m [38;2;0;255;229m [38;2;0;255;236m_[38;2;0;255;242m_[38;2;0;255;249m_[38;2;0;255;255m}[38;2;0;249;255m [38;2;0;242;255m/[38;2;0;236;255m [38;2;0;230;255m{[38;2;0;223;255m}[38;2;0;217;255m [38;2;0;210;255m\[38;2;0;204;255m [38;2;0;198;255m|[38;2;0;191;255m [38;2;0;185;255m [38;2;0;179;255m`[38;2;0;172;255m|[38;2;0;166;255m [38;2;0;159;255m|[0m
[38;2;0;255;0m|[38;2;0;255;6m [38;2;0;255;13m.[38;2;0;255;19m-[38;2;0;255;25m.[38;2;0;255;32m [38;2;0;255;38m\[38;2;0;255;45m|[38;2;0;255;51m [38;2;0;255;57m{[38;2;0;255;64m_[38;2;0;255;70m}[38;2;0;255;76m [38;2;0;255;83m|[38;2;0;255;89m.[38;2;0;255;96m-[38;2;0;255;102m.[38;2;0;255;108m_[38;2;0;255;115m}[38;2;0;255;121m [38;2;0;255;127m}[38;2;0;255;134m [38;2;0;255;140m|[38;2;0;255;147m [38;2;0;255;153m|[38;2;0;255;159m [38;2;0;255;166m [38;2;0;255;172m.[38;2;0;255;178m-[38;2;0;255;185m.[38;2;0;255;191m_[38;2;0;255;198m}[38;2;0;255;204m [38;2;0;255;210m}[38;2;0;255;217m\[38;2;0;255;223m [38;2;0;255;229m [38;2;0;255;236m [38;2;0;255;242m [38;2;0;255;249m [38;2;0;255;255m}[38;2;0;249;255m/[38;2;0;242;255m [38;2;0;236;255m [38;2;0;230;255m/[38;2;0;223;255m\[38;2;0;217;255m [38;2;0;210;255m [38;2;0;204;255m\[38;2;0;198;255m|[38;2;0;191;255m [38;2;0;185;255m|[38;2;0;179;255m\[38;2;0;172;255m [38;2;0;166;255m [38;2;0;159;255m|[0m
[38;2;0;255;0m`[38;2;0;255;6m-[38;2;0;255;13m'[38;2;0;255;19m [38;2;0;255;25m`[38;2;0;255;32m-[38;2;0;255;38m'[38;2;0;255;45m`[38;2;0;255;51m-[38;2;0;255;57m-[38;2;0;255;64m-[38;2;0;255;70m-[38;2;0;255;76m-[38;2;0;255;83m'[38;2;0;255;89m`[38;2;0;255;96m-[38;2;0;255;102m-[38;2;0;255;108m-[38;2;0;255;115m-[38;2;0;255;121m'[38;2;0;255;127m [38;2;0;255;134m [38;2;0;255;140m`[38;2;0;255;147m-[38;2;0;255;153m'[38;2;0;255;159m [38;2;0;255;166m [38;2;0;255;172m`[38;2;0;255;178m-[38;2;0;255;185m-[38;2;0;255;191m-[38;2;0;255;198m-[38;2;0;255;204m'[38;2;0;255;210m [38;2;0;255;217m [38;2;0;255;223m`[38;2;0;255;229m-[38;2;0;255;236m-[38;2;0;255;242m-[38;2;0;255;249m'[38;2;0;255;255m [38;2;0;249;255m`[38;2;0;242;255m-[38;2;0;236;255m'[38;2;0;230;255m [38;2;0;223;255m [38;2;0;217;255m`[38;2;0;210;255m-[38;2;0;204;255m'[38;2;0;198;255m`[38;2;0;191;255m-[38;2;0;185;255m'[38;2;0;179;255m [38;2;0;172;255m`[38;2;0;166;255m-[38;2;0;159;255m'[0m
[38;2;0;255;0mT[38;2;0;255;6mh[38;2;0;255;13me[38;2;0;255;19m [38;2;0;255;25mM[38;2;0;255;32mo[38;2;0;255;38md[38;2;0;255;45me[38;2;0;255;51mr[38;2;0;255;57mn[38;2;0;255;64m [38;2;0;255;70mD[38;2;0;255;76ma[38;2;0;255;83my[38;2;0;255;89m [38;2;0;255;96mP[38;2;0;255;102mo[38;2;0;255;108mr[38;2;0;255;115mt[38;2;0;255;121m [38;2;0;255;127mS[38;2;0;255;134mc[38;2;0;255;140ma[38;2;0;255;147mn[38;2;0;255;153mn[38;2;0;255;159me[38;2;0;255;166mr[38;2;0;255;172m.[0m[0m
[1m[38;2;255;255;0m_[38;2;249;255;0m_[38;2;242;255;0m_[38;2;236;255;0m_[38;2;230;255;0m_[38;2;223;255;0m_[38;2;217;255;0m_[38;2;210;255;0m_[38;2;204;255;0m_[38;2;198;255;0m_[38;2;191;255;0m_[38;2;185;255;0m_[38;2;179;255;0m_[38;2;172;255;0m_[38;2;166;255;0m_[38;2;159;255;0m_[38;2;153;255;0m_[38;2;147;255;0m_[38;2;140;255;0m_[38;2;134;255;0m_[38;2;128;255;0m_[38;2;121;255;0m_[38;2;115;255;0m_[38;2;108;255;0m_[38;2;102;255;0m_[38;2;96;255;0m_[38;2;89;255;0m_[38;2;83;255;0m_[38;2;77;255;0m_[38;2;70;255;0m_[38;2;64;255;0m_[38;2;57;255;0m_[38;2;51;255;0m_[38;2;45;255;0m_[38;2;38;255;0m_[38;2;32;255;0m_[38;2;26;255;0m_[38;2;19;255;0m_[38;2;13;255;0m_[38;2;6;255;0m_[0m
[38;2;255;255;0m:[38;2;249;255;0m [38;2;242;255;0mh[38;2;236;255;0mt[38;2;230;255;0mt[38;2;223;255;0mp[38;2;217;255;0ms[38;2;210;255;0m:[38;2;204;255;0m/[38;2;198;255;0m/[38;2;191;255;0md[38;2;185;255;0mi[38;2;179;255;0ms[38;2;172;255;0mc[38;2;166;255;0mo[38;2;159;255;0mr[38;2;153;255;0md[38;2;147;255;0m.[38;2;140;255;0mg[38;2;134;255;0mg[38;2;128;255;0m/[38;2;121;255;0mG[38;2;115;255;0mF[38;2;108;255;0mr[38;2;102;255;0mQ[38;2;96;255;0ms[38;2;89;255;0mG[38;2;83;255;0my[38;2;77;255;0m [38;2;70;255;0m [38;2;64;255;0m [38;2;57;255;0m [38;2;51;255;0m [38;2;45;255;0m [38;2;38;255;0m [38;2;32;255;0m [38;2;26;255;0m [38;2;19;255;0m [38;2;13;255;0m [38;2;6;255;0m:[0m
[38;2;255;255;0m:[38;2;249;255;0m [38;2;242;255;0mh[38;2;236;255;0mt[38;2;230;255;0mt[38;2;223;255;0mp[38;2;217;255;0ms[38;2;210;255;0m:[38;2;204;255;0m/[38;2;198;255;0m/[38;2;191;255;0mg[38;2;185;255;0mi[38;2;179;255;0mt[38;2;172;255;0mh[38;2;166;255;0mu[38;2;159;255;0mb[38;2;153;255;0m.[38;2;147;255;0mc[38;2;140;255;0mo[38;2;134;255;0mm[38;2;128;255;0m/[38;2;121;255;0mR[38;2;115;255;0mu[38;2;108;255;0ms[38;2;102;255;0mt[38;2;96;255;0mS[38;2;89;255;0mc[38;2;83;255;0ma[38;2;77;255;0mn[38;2;70;255;0m/[38;2;64;255;0mR[38;2;57;255;0mu[38;2;51;255;0ms[38;2;45;255;0mt[38;2;38;255;0mS[38;2;32;255;0mc[38;2;26;255;0ma[38;2;19;255;0mn[38;2;13;255;0m [38;2;6;255;0m:[0m
[38;2;255;255;0m [38;2;249;255;0m-[38;2;242;255;0m-[38;2;236;255;0m-[38;2;230;255;0m-[38;2;223;255;0m-[38;2;217;255;0m-[38;2;210;255;0m-[38;2;204;255;0m-[38;2;198;255;0m-[38;2;191;255;0m-[38;2;185;255;0m-[38;2;179;255;0m-[38;2;172;255;0m-[38;2;166;255;0m-[38;2;159;255;0m-[38;2;153;255;0m-[38;2;147;255;0m-[38;2;140;255;0m-[38;2;134;255;0m-[38;2;128;255;0m-[38;2;121;255;0m-[38;2;115;255;0m-[38;2;108;255;0m-[38;2;102;255;0m-[38;2;96;255;0m-[38;2;89;255;0m-[38;2;83;255;0m-[38;2;77;255;0m-[38;2;70;255;0m-[38;2;64;255;0m-[38;2;57;255;0m-[38;2;51;255;0m-[38;2;45;255;0m-[38;2;38;255;0m-[38;2;32;255;0m-[38;2;26;255;0m-[38;2;19;255;0m-[38;2;13;255;0m-[0m[0m
😵 https://admin.tryhackme.com

[1;34m[~][0m The config file is expected to be at "/home/avik/.rustscan.toml"
[1;31m[!][0m File limit is lower than default batch size. Consider upping with --ulimit. May cause harm to sensitive servers
[1;31m[!][0m Your file limit is very small, which negatively impacts RustScan's speed. Use the Docker image, or up the Ulimit with '--ulimit 5000'. 
Open 10.10.244.129:21
Open 10.10.244.129:22
Open 10.10.244.129:100
Open 10.10.244.129:117
Open 10.10.244.129:123
Open 10.10.244.129:119
Open 10.10.244.129:122
Open 10.10.244.129:118
Open 10.10.244.129:124
Open 10.10.244.129:120
Open 10.10.244.129:121
Open 10.10.244.129:125
[1;34m[~][0m Starting Script(s)
[1;38;2;0;255;9m[>][0m Script to be run Some("nmap -vvv -p {{port}} {{ip}}")

[1;34m[~][0m Starting Nmap 7.91 ( https://nmap.org ) at 2021-01-19 18:55 IST
NSE: Loaded 153 scripts for scanning.
NSE: Script Pre-scanning.
NSE: Starting runlevel 1 (of 3) scan.
Initiating NSE at 18:55
Completed NSE at 18:55, 0.00s elapsed
NSE: Starting runlevel 2 (of 3) scan.
Initiating NSE at 18:55
Completed NSE at 18:55, 0.00s elapsed
NSE: Starting runlevel 3 (of 3) scan.
Initiating NSE at 18:55
Completed NSE at 18:55, 0.00s elapsed
Initiating Ping Scan at 18:55
Scanning 10.10.244.129 [2 ports]
Completed Ping Scan at 18:55, 0.53s elapsed (1 total hosts)
Initiating Parallel DNS resolution of 1 host. at 18:55
Completed Parallel DNS resolution of 1 host. at 18:55, 0.12s elapsed
DNS resolution of 1 IPs took 0.12s. Mode: Async [#: 3, OK: 0, NX: 1, DR: 0, SF: 0, TR: 1, CN: 0]
Initiating Connect Scan at 18:55
Scanning 10.10.244.129 [12 ports]
Discovered open port 118/tcp on 10.10.244.129
Discovered open port 21/tcp on 10.10.244.129
Discovered open port 100/tcp on 10.10.244.129
Discovered open port 123/tcp on 10.10.244.129
Discovered open port 117/tcp on 10.10.244.129
Discovered open port 125/tcp on 10.10.244.129
Discovered open port 22/tcp on 10.10.244.129
Discovered open port 124/tcp on 10.10.244.129
Discovered open port 122/tcp on 10.10.244.129
Discovered open port 121/tcp on 10.10.244.129
Discovered open port 119/tcp on 10.10.244.129
Discovered open port 120/tcp on 10.10.244.129
Completed Connect Scan at 18:55, 1.08s elapsed (12 total ports)
Initiating Service scan at 18:55
Scanning 12 services on 10.10.244.129
Service scan Timing: About 25.00% done; ETC: 19:07 (0:08:54 remaining)
Completed Service scan at 18:58, 177.84s elapsed (12 services on 1 host)
NSE: Script scanning 10.10.244.129.
NSE: Starting runlevel 1 (of 3) scan.
Initiating NSE at 18:58
NSE: [ftp-bounce 10.10.244.129:21] PORT response: 500 Illegal PORT command.
NSE Timing: About 98.82% done; ETC: 18:59 (0:00:00 remaining)
NSE Timing: About 99.07% done; ETC: 18:59 (0:00:01 remaining)
NSE Timing: About 99.26% done; ETC: 19:00 (0:00:01 remaining)
NSE Timing: About 99.75% done; ETC: 19:00 (0:00:00 remaining)
Completed NSE at 19:00, 140.82s elapsed
NSE: Starting runlevel 2 (of 3) scan.
Initiating NSE at 19:00
NSE Timing: About 97.92% done; ETC: 19:01 (0:00:01 remaining)
Completed NSE at 19:01, 44.55s elapsed
NSE: Starting runlevel 3 (of 3) scan.
Initiating NSE at 19:01
Completed NSE at 19:01, 0.00s elapsed
Nmap scan report for 10.10.244.129
Host is up, received syn-ack (0.53s latency).
Scanned at 2021-01-19 18:55:30 IST for 366s

PORT    STATE SERVICE     REASON  VERSION
21/tcp  open  ftp         syn-ack vsftpd 3.0.3
| ftp-anon: Anonymous FTP login allowed (FTP code 230)
|_-rw-rw-r--    1 1000     1000       208838 Sep 30 14:31 gum_room.jpg
| ftp-syst: 
|   STAT: 
| FTP server status:
|      Connected to ::ffff:10.4.23.120
|      Logged in as ftp
|      TYPE: ASCII
|      No session bandwidth limit
|      Session timeout in seconds is 300
|      Control connection is plain text
|      Data connections will be plain text
|      At session startup, client count was 1
|      vsFTPd 3.0.3 - secure, fast, stable
|_End of status
22/tcp  open  ssh         syn-ack OpenSSH 7.6p1 Ubuntu 4ubuntu0.3 (Ubuntu Linux; protocol 2.0)
| ssh-hostkey: 
|   2048 16:31:bb:b5:1f:cc:cc:12:14:8f:f0:d8:33:b0:08:9b (RSA)
| ssh-rsa AAAAB3NzaC1yc2EAAAADAQABAAABAQCuEAWoQHbW+vehIUZLTiJyXKjUAAJP0sgW/P0LHVaf4C5+1oEBXcDBBZC7SoL6MTMYn8zlEfhCbjQb7A/Yf2IxLzU5f35yuhEbWEvYmuP4PmBB04CJdDItU0xwAbGsufyzZ6td6LKm+oim8xJn/lVTeykVZTASF9iuY9tqwA933AfjqKlNByj82TAmlVkQ93bq+e7Gu/pRkSn++RkIUd4f8ogmLLusEh+vbGkZDj4UdwTIZbOSeuS4oz/umpkJPhekGVoyzjPMRIq9cwdeKIVRwUNbp4BoJjYKjbCC9YY8u/7O6lhtwo4uAp7Q9PfRRCiCpVimm6kIgBmgqqKbueDl
|   256 e7:1f:c9:db:3e:aa:44:b6:72:10:3c:ee:db:1d:33:90 (ECDSA)
| ecdsa-sha2-nistp256 AAAAE2VjZHNhLXNoYTItbmlzdHAyNTYAAAAIbmlzdHAyNTYAAABBBAYfNs0w6oOdzMM4B2JyB5pWr1qq9oB+xF0Voyn4gBYEGPC9+dqPudYagioH1ArjIHZFF0G24rt7L/6x1OPJSts=
|   256 b4:45:02:b6:24:8e:a9:06:5f:6c:79:44:8a:06:55:5e (ED25519)
|_ssh-ed25519 AAAAC3NzaC1lZDI1NTE5AAAAIAwurtl1AFxJU7cHOfbCNr34YoTmAVnVUIXt4QHPD1B2
100/tcp open  newacct?    syn-ack
| fingerprint-strings: 
|   DNSVersionBindReqTCP, HTTPOptions: 
|     "Welcome to chocolate room!! 
|     ___.---------------.
|     .'__'__'__'__'__,` . ____ ___ \r
|     _:\x20 |:. \x20 ___ \r
|     \'__'__'__'__'_`.__| `. \x20 ___ \r
|     \'__'__'__\x20__'_;-----------------`
|     \|______________________;________________|
|     small hint from Mr.Wonka : Look somewhere else, its not here! ;) 
|_    hope you wont drown Augustus"
117/tcp open  uucp-path?  syn-ack
| fingerprint-strings: 
|   GenericLines, NULL: 
|     "Welcome to chocolate room!! 
|     ___.---------------.
|     .'__'__'__'__'__,` . ____ ___ \r
|     _:\x20 |:. \x20 ___ \r
|     \'__'__'__'__'_`.__| `. \x20 ___ \r
|     \'__'__'__\x20__'_;-----------------`
|     \|______________________;________________|
|     small hint from Mr.Wonka : Look somewhere else, its not here! ;) 
|_    hope you wont drown Augustus"
118/tcp open  sqlserv?    syn-ack
| fingerprint-strings: 
|   GenericLines, NULL: 
|     "Welcome to chocolate room!! 
|     ___.---------------.
|     .'__'__'__'__'__,` . ____ ___ \r
|     _:\x20 |:. \x20 ___ \r
|     \'__'__'__'__'_`.__| `. \x20 ___ \r
|     \'__'__'__\x20__'_;-----------------`
|     \|______________________;________________|
|     small hint from Mr.Wonka : Look somewhere else, its not here! ;) 
|_    hope you wont drown Augustus"
119/tcp open  nntp?       syn-ack
| fingerprint-strings: 
|   GenericLines, NULL: 
|     "Welcome to chocolate room!! 
|     ___.---------------.
|     .'__'__'__'__'__,` . ____ ___ \r
|     _:\x20 |:. \x20 ___ \r
|     \'__'__'__'__'_`.__| `. \x20 ___ \r
|     \'__'__'__\x20__'_;-----------------`
|     \|______________________;________________|
|     small hint from Mr.Wonka : Look somewhere else, its not here! ;) 
|_    hope you wont drown Augustus"
120/tcp open  cfdptkt?    syn-ack
| fingerprint-strings: 
|   GenericLines, NULL: 
|     "Welcome to chocolate room!! 
|     ___.---------------.
|     .'__'__'__'__'__,` . ____ ___ \r
|     _:\x20 |:. \x20 ___ \r
|     \'__'__'__'__'_`.__| `. \x20 ___ \r
|     \'__'__'__\x20__'_;-----------------`
|     \|______________________;________________|
|     small hint from Mr.Wonka : Look somewhere else, its not here! ;) 
|_    hope you wont drown Augustus"
121/tcp open  erpc?       syn-ack
| fingerprint-strings: 
|   GenericLines, NULL: 
|     "Welcome to chocolate room!! 
|     ___.---------------.
|     .'__'__'__'__'__,` . ____ ___ \r
|     _:\x20 |:. \x20 ___ \r
|     \'__'__'__'__'_`.__| `. \x20 ___ \r
|     \'__'__'__\x20__'_;-----------------`
|     \|______________________;________________|
|     small hint from Mr.Wonka : Look somewhere else, its not here! ;) 
|_    hope you wont drown Augustus"
122/tcp open  smakynet?   syn-ack
| fingerprint-strings: 
|   GenericLines, NULL: 
|     "Welcome to chocolate room!! 
|     ___.---------------.
|     .'__'__'__'__'__,` . ____ ___ \r
|     _:\x20 |:. \x20 ___ \r
|     \'__'__'__'__'_`.__| `. \x20 ___ \r
|     \'__'__'__\x20__'_;-----------------`
|     \|______________________;________________|
|     small hint from Mr.Wonka : Look somewhere else, its not here! ;) 
|_    hope you wont drown Augustus"
123/tcp open  ntp?        syn-ack
| fingerprint-strings: 
|   GenericLines, NULL: 
|     "Welcome to chocolate room!! 
|     ___.---------------.
|     .'__'__'__'__'__,` . ____ ___ \r
|     _:\x20 |:. \x20 ___ \r
|     \'__'__'__'__'_`.__| `. \x20 ___ \r
|     \'__'__'__\x20__'_;-----------------`
|     \|______________________;________________|
|     small hint from Mr.Wonka : Look somewhere else, its not here! ;) 
|_    hope you wont drown Augustus"
124/tcp open  ansatrader? syn-ack
| fingerprint-strings: 
|   GenericLines, NULL: 
|     "Welcome to chocolate room!! 
|     ___.---------------.
|     .'__'__'__'__'__,` . ____ ___ \r
|     _:\x20 |:. \x20 ___ \r
|     \'__'__'__'__'_`.__| `. \x20 ___ \r
|     \'__'__'__\x20__'_;-----------------`
|     \|______________________;________________|
|     small hint from Mr.Wonka : Look somewhere else, its not here! ;) 
|_    hope you wont drown Augustus"
125/tcp open  locus-map?  syn-ack
| fingerprint-strings: 
|   FourOhFourRequest, GetRequest: 
|     "Welcome to chocolate room!! 
|     ___.---------------.
|     .'__'__'__'__'__,` . ____ ___ \r
|     _:\x20 |:. \x20 ___ \r
|     \'__'__'__'__'_`.__| `. \x20 ___ \r
|     \'__'__'__\x20__'_;-----------------`
|     \|______________________;________________|
|     small hint from Mr.Wonka : Look somewhere else, its not here! ;) 
|_    hope you wont drown Augustus"
9 services unrecognized despite returning data. If you know the service/version, please submit the following fingerprints at https://nmap.org/cgi-bin/submit.cgi?new-service :
==============NEXT SERVICE FINGERPRINT (SUBMIT INDIVIDUALLY)==============
SF-Port100-TCP:V=7.91%I=7%D=1/19%Time=6006DDE3%P=x86_64-pc-linux-gnu%r(HTT
SF:POptions,20F,"\"Welcome\x20to\x20chocolate\x20room!!\x20\r\n\x20\x20\x2
SF:0\x20___\x20\x20___\x20\x20___\x20\x20___\x20\x20___\.---------------\.
SF:\r\n\x20\x20\.'\\__\\'\\__\\'\\__\\'\\__\\'\\__,`\x20\x20\x20\.\x20\x20
SF:____\x20___\x20\\\r\n\x20\x20\\\|\\/\x20__\\/\x20__\\/\x20__\\/\x20__\\
SF:/\x20_:\\\x20\x20\|:\.\x20\x20\\\x20\x20\\___\x20\\\r\n\x20\x20\x20\\\\
SF:'\\__\\'\\__\\'\\__\\'\\__\\'\\_`\.__\|\x20\x20`\.\x20\\\x20\x20\\___\x
SF:20\\\r\n\x20\x20\x20\x20\\\\/\x20__\\/\x20__\\/\x20__\\/\x20__\\/\x20__
SF::\x20\x20\x20\x20\x20\x20\x20\x20\x20\x20\x20\x20\x20\x20\x20\x20\\\r\n
SF:\x20\x20\x20\x20\x20\\\\'\\__\\'\\__\\'\\__\\\x20\\__\\'\\_;-----------
SF:------`\r\n\x20\x20\x20\x20\x20\x20\\\\/\x20\x20\x20\\/\x20\x20\x20\\/\
SF:x20\x20\x20\\/\x20\x20\x20\\/\x20:\x20\x20\x20\x20\x20\x20\x20\x20\x20\
SF:x20\x20\x20\x20\x20\x20\x20\x20\|\r\n\x20\x20\x20\x20\x20\x20\x20\\\|__
SF:____________________;________________\|\r\n\r\nA\x20small\x20hint\x20fr
SF:om\x20Mr\.Wonka\x20:\x20Look\x20somewhere\x20else,\x20its\x20not\x20her
SF:e!\x20;\)\x20\r\nI\x20hope\x20you\x20wont\x20drown\x20Augustus\"\x20")%
SF:r(DNSVersionBindReqTCP,20F,"\"Welcome\x20to\x20chocolate\x20room!!\x20\
SF:r\n\x20\x20\x20\x20___\x20\x20___\x20\x20___\x20\x20___\x20\x20___\.---
SF:------------\.\r\n\x20\x20\.'\\__\\'\\__\\'\\__\\'\\__\\'\\__,`\x20\x20
SF:\x20\.\x20\x20____\x20___\x20\\\r\n\x20\x20\\\|\\/\x20__\\/\x20__\\/\x2
SF:0__\\/\x20__\\/\x20_:\\\x20\x20\|:\.\x20\x20\\\x20\x20\\___\x20\\\r\n\x
SF:20\x20\x20\\\\'\\__\\'\\__\\'\\__\\'\\__\\'\\_`\.__\|\x20\x20`\.\x20\\\
SF:x20\x20\\___\x20\\\r\n\x20\x20\x20\x20\\\\/\x20__\\/\x20__\\/\x20__\\/\
SF:x20__\\/\x20__:\x20\x20\x20\x20\x20\x20\x20\x20\x20\x20\x20\x20\x20\x20
SF:\x20\x20\\\r\n\x20\x20\x20\x20\x20\\\\'\\__\\'\\__\\'\\__\\\x20\\__\\'\
SF:\_;-----------------`\r\n\x20\x20\x20\x20\x20\x20\\\\/\x20\x20\x20\\/\x
SF:20\x20\x20\\/\x20\x20\x20\\/\x20\x20\x20\\/\x20:\x20\x20\x20\x20\x20\x2
SF:0\x20\x20\x20\x20\x20\x20\x20\x20\x20\x20\x20\|\r\n\x20\x20\x20\x20\x20
SF:\x20\x20\\\|______________________;________________\|\r\n\r\nA\x20small
SF:\x20hint\x20from\x20Mr\.Wonka\x20:\x20Look\x20somewhere\x20else,\x20its
SF:\x20not\x20here!\x20;\)\x20\r\nI\x20hope\x20you\x20wont\x20drown\x20Aug
SF:ustus\"\x20");
==============NEXT SERVICE FINGERPRINT (SUBMIT INDIVIDUALLY)==============
SF-Port117-TCP:V=7.91%I=7%D=1/19%Time=6006DDD3%P=x86_64-pc-linux-gnu%r(NUL
SF:L,20F,"\"Welcome\x20to\x20chocolate\x20room!!\x20\r\n\x20\x20\x20\x20__
SF:_\x20\x20___\x20\x20___\x20\x20___\x20\x20___\.---------------\.\r\n\x2
SF:0\x20\.'\\__\\'\\__\\'\\__\\'\\__\\'\\__,`\x20\x20\x20\.\x20\x20____\x2
SF:0___\x20\\\r\n\x20\x20\\\|\\/\x20__\\/\x20__\\/\x20__\\/\x20__\\/\x20_:
SF:\\\x20\x20\|:\.\x20\x20\\\x20\x20\\___\x20\\\r\n\x20\x20\x20\\\\'\\__\\
SF:'\\__\\'\\__\\'\\__\\'\\_`\.__\|\x20\x20`\.\x20\\\x20\x20\\___\x20\\\r\
SF:n\x20\x20\x20\x20\\\\/\x20__\\/\x20__\\/\x20__\\/\x20__\\/\x20__:\x20\x
SF:20\x20\x20\x20\x20\x20\x20\x20\x20\x20\x20\x20\x20\x20\x20\\\r\n\x20\x2
SF:0\x20\x20\x20\\\\'\\__\\'\\__\\'\\__\\\x20\\__\\'\\_;-----------------`
SF:\r\n\x20\x20\x20\x20\x20\x20\\\\/\x20\x20\x20\\/\x20\x20\x20\\/\x20\x20
SF:\x20\\/\x20\x20\x20\\/\x20:\x20\x20\x20\x20\x20\x20\x20\x20\x20\x20\x20
SF:\x20\x20\x20\x20\x20\x20\|\r\n\x20\x20\x20\x20\x20\x20\x20\\\|_________
SF:_____________;________________\|\r\n\r\nA\x20small\x20hint\x20from\x20M
SF:r\.Wonka\x20:\x20Look\x20somewhere\x20else,\x20its\x20not\x20here!\x20;
SF:\)\x20\r\nI\x20hope\x20you\x20wont\x20drown\x20Augustus\"\x20")%r(Gener
SF:icLines,20F,"\"Welcome\x20to\x20chocolate\x20room!!\x20\r\n\x20\x20\x20
SF:\x20___\x20\x20___\x20\x20___\x20\x20___\x20\x20___\.---------------\.\
SF:r\n\x20\x20\.'\\__\\'\\__\\'\\__\\'\\__\\'\\__,`\x20\x20\x20\.\x20\x20_
SF:___\x20___\x20\\\r\n\x20\x20\\\|\\/\x20__\\/\x20__\\/\x20__\\/\x20__\\/
SF:\x20_:\\\x20\x20\|:\.\x20\x20\\\x20\x20\\___\x20\\\r\n\x20\x20\x20\\\\'
SF:\\__\\'\\__\\'\\__\\'\\__\\'\\_`\.__\|\x20\x20`\.\x20\\\x20\x20\\___\x2
SF:0\\\r\n\x20\x20\x20\x20\\\\/\x20__\\/\x20__\\/\x20__\\/\x20__\\/\x20__:
SF:\x20\x20\x20\x20\x20\x20\x20\x20\x20\x20\x20\x20\x20\x20\x20\x20\\\r\n\
SF:x20\x20\x20\x20\x20\\\\'\\__\\'\\__\\'\\__\\\x20\\__\\'\\_;------------
SF:-----`\r\n\x20\x20\x20\x20\x20\x20\\\\/\x20\x20\x20\\/\x20\x20\x20\\/\x
SF:20\x20\x20\\/\x20\x20\x20\\/\x20:\x20\x20\x20\x20\x20\x20\x20\x20\x20\x
SF:20\x20\x20\x20\x20\x20\x20\x20\|\r\n\x20\x20\x20\x20\x20\x20\x20\\\|___
SF:___________________;________________\|\r\n\r\nA\x20small\x20hint\x20fro
SF:m\x20Mr\.Wonka\x20:\x20Look\x20somewhere\x20else,\x20its\x20not\x20here
SF:!\x20;\)\x20\r\nI\x20hope\x20you\x20wont\x20drown\x20Augustus\"\x20");
==============NEXT SERVICE FINGERPRINT (SUBMIT INDIVIDUALLY)==============
SF-Port118-TCP:V=7.91%I=7%D=1/19%Time=6006DDD3%P=x86_64-pc-linux-gnu%r(NUL
SF:L,20F,"\"Welcome\x20to\x20chocolate\x20room!!\x20\r\n\x20\x20\x20\x20__
SF:_\x20\x20___\x20\x20___\x20\x20___\x20\x20___\.---------------\.\r\n\x2
SF:0\x20\.'\\__\\'\\__\\'\\__\\'\\__\\'\\__,`\x20\x20\x20\.\x20\x20____\x2
SF:0___\x20\\\r\n\x20\x20\\\|\\/\x20__\\/\x20__\\/\x20__\\/\x20__\\/\x20_:
SF:\\\x20\x20\|:\.\x20\x20\\\x20\x20\\___\x20\\\r\n\x20\x20\x20\\\\'\\__\\
SF:'\\__\\'\\__\\'\\__\\'\\_`\.__\|\x20\x20`\.\x20\\\x20\x20\\___\x20\\\r\
SF:n\x20\x20\x20\x20\\\\/\x20__\\/\x20__\\/\x20__\\/\x20__\\/\x20__:\x20\x
SF:20\x20\x20\x20\x20\x20\x20\x20\x20\x20\x20\x20\x20\x20\x20\\\r\n\x20\x2
SF:0\x20\x20\x20\\\\'\\__\\'\\__\\'\\__\\\x20\\__\\'\\_;-----------------`
SF:\r\n\x20\x20\x20\x20\x20\x20\\\\/\x20\x20\x20\\/\x20\x20\x20\\/\x20\x20
SF:\x20\\/\x20\x20\x20\\/\x20:\x20\x20\x20\x20\x20\x20\x20\x20\x20\x20\x20
SF:\x20\x20\x20\x20\x20\x20\|\r\n\x20\x20\x20\x20\x20\x20\x20\\\|_________
SF:_____________;________________\|\r\n\r\nA\x20small\x20hint\x20from\x20M
SF:r\.Wonka\x20:\x20Look\x20somewhere\x20else,\x20its\x20not\x20here!\x20;
SF:\)\x20\r\nI\x20hope\x20you\x20wont\x20drown\x20Augustus\"\x20")%r(Gener
SF:icLines,20F,"\"Welcome\x20to\x20chocolate\x20room!!\x20\r\n\x20\x20\x20
SF:\x20___\x20\x20___\x20\x20___\x20\x20___\x20\x20___\.---------------\.\
SF:r\n\x20\x20\.'\\__\\'\\__\\'\\__\\'\\__\\'\\__,`\x20\x20\x20\.\x20\x20_
SF:___\x20___\x20\\\r\n\x20\x20\\\|\\/\x20__\\/\x20__\\/\x20__\\/\x20__\\/
SF:\x20_:\\\x20\x20\|:\.\x20\x20\\\x20\x20\\___\x20\\\r\n\x20\x20\x20\\\\'
SF:\\__\\'\\__\\'\\__\\'\\__\\'\\_`\.__\|\x20\x20`\.\x20\\\x20\x20\\___\x2
SF:0\\\r\n\x20\x20\x20\x20\\\\/\x20__\\/\x20__\\/\x20__\\/\x20__\\/\x20__:
SF:\x20\x20\x20\x20\x20\x20\x20\x20\x20\x20\x20\x20\x20\x20\x20\x20\\\r\n\
SF:x20\x20\x20\x20\x20\\\\'\\__\\'\\__\\'\\__\\\x20\\__\\'\\_;------------
SF:-----`\r\n\x20\x20\x20\x20\x20\x20\\\\/\x20\x20\x20\\/\x20\x20\x20\\/\x
SF:20\x20\x20\\/\x20\x20\x20\\/\x20:\x20\x20\x20\x20\x20\x20\x20\x20\x20\x
SF:20\x20\x20\x20\x20\x20\x20\x20\|\r\n\x20\x20\x20\x20\x20\x20\x20\\\|___
SF:___________________;________________\|\r\n\r\nA\x20small\x20hint\x20fro
SF:m\x20Mr\.Wonka\x20:\x20Look\x20somewhere\x20else,\x20its\x20not\x20here
SF:!\x20;\)\x20\r\nI\x20hope\x20you\x20wont\x20drown\x20Augustus\"\x20");
==============NEXT SERVICE FINGERPRINT (SUBMIT INDIVIDUALLY)==============
SF-Port119-TCP:V=7.91%I=7%D=1/19%Time=6006DDD3%P=x86_64-pc-linux-gnu%r(NUL
SF:L,20F,"\"Welcome\x20to\x20chocolate\x20room!!\x20\r\n\x20\x20\x20\x20__
SF:_\x20\x20___\x20\x20___\x20\x20___\x20\x20___\.---------------\.\r\n\x2
SF:0\x20\.'\\__\\'\\__\\'\\__\\'\\__\\'\\__,`\x20\x20\x20\.\x20\x20____\x2
SF:0___\x20\\\r\n\x20\x20\\\|\\/\x20__\\/\x20__\\/\x20__\\/\x20__\\/\x20_:
SF:\\\x20\x20\|:\.\x20\x20\\\x20\x20\\___\x20\\\r\n\x20\x20\x20\\\\'\\__\\
SF:'\\__\\'\\__\\'\\__\\'\\_`\.__\|\x20\x20`\.\x20\\\x20\x20\\___\x20\\\r\
SF:n\x20\x20\x20\x20\\\\/\x20__\\/\x20__\\/\x20__\\/\x20__\\/\x20__:\x20\x
SF:20\x20\x20\x20\x20\x20\x20\x20\x20\x20\x20\x20\x20\x20\x20\\\r\n\x20\x2
SF:0\x20\x20\x20\\\\'\\__\\'\\__\\'\\__\\\x20\\__\\'\\_;-----------------`
SF:\r\n\x20\x20\x20\x20\x20\x20\\\\/\x20\x20\x20\\/\x20\x20\x20\\/\x20\x20
SF:\x20\\/\x20\x20\x20\\/\x20:\x20\x20\x20\x20\x20\x20\x20\x20\x20\x20\x20
SF:\x20\x20\x20\x20\x20\x20\|\r\n\x20\x20\x20\x20\x20\x20\x20\\\|_________
SF:_____________;________________\|\r\n\r\nA\x20small\x20hint\x20from\x20M
SF:r\.Wonka\x20:\x20Look\x20somewhere\x20else,\x20its\x20not\x20here!\x20;
SF:\)\x20\r\nI\x20hope\x20you\x20wont\x20drown\x20Augustus\"\x20")%r(Gener
SF:icLines,20F,"\"Welcome\x20to\x20chocolate\x20room!!\x20\r\n\x20\x20\x20
SF:\x20___\x20\x20___\x20\x20___\x20\x20___\x20\x20___\.---------------\.\
SF:r\n\x20\x20\.'\\__\\'\\__\\'\\__\\'\\__\\'\\__,`\x20\x20\x20\.\x20\x20_
SF:___\x20___\x20\\\r\n\x20\x20\\\|\\/\x20__\\/\x20__\\/\x20__\\/\x20__\\/
SF:\x20_:\\\x20\x20\|:\.\x20\x20\\\x20\x20\\___\x20\\\r\n\x20\x20\x20\\\\'
SF:\\__\\'\\__\\'\\__\\'\\__\\'\\_`\.__\|\x20\x20`\.\x20\\\x20\x20\\___\x2
SF:0\\\r\n\x20\x20\x20\x20\\\\/\x20__\\/\x20__\\/\x20__\\/\x20__\\/\x20__:
SF:\x20\x20\x20\x20\x20\x20\x20\x20\x20\x20\x20\x20\x20\x20\x20\x20\\\r\n\
SF:x20\x20\x20\x20\x20\\\\'\\__\\'\\__\\'\\__\\\x20\\__\\'\\_;------------
SF:-----`\r\n\x20\x20\x20\x20\x20\x20\\\\/\x20\x20\x20\\/\x20\x20\x20\\/\x
SF:20\x20\x20\\/\x20\x20\x20\\/\x20:\x20\x20\x20\x20\x20\x20\x20\x20\x20\x
SF:20\x20\x20\x20\x20\x20\x20\x20\|\r\n\x20\x20\x20\x20\x20\x20\x20\\\|___
SF:___________________;________________\|\r\n\r\nA\x20small\x20hint\x20fro
SF:m\x20Mr\.Wonka\x20:\x20Look\x20somewhere\x20else,\x20its\x20not\x20here
SF:!\x20;\)\x20\r\nI\x20hope\x20you\x20wont\x20drown\x20Augustus\"\x20");
==============NEXT SERVICE FINGERPRINT (SUBMIT INDIVIDUALLY)==============
SF-Port120-TCP:V=7.91%I=7%D=1/19%Time=6006DDD3%P=x86_64-pc-linux-gnu%r(NUL
SF:L,20F,"\"Welcome\x20to\x20chocolate\x20room!!\x20\r\n\x20\x20\x20\x20__
SF:_\x20\x20___\x20\x20___\x20\x20___\x20\x20___\.---------------\.\r\n\x2
SF:0\x20\.'\\__\\'\\__\\'\\__\\'\\__\\'\\__,`\x20\x20\x20\.\x20\x20____\x2
SF:0___\x20\\\r\n\x20\x20\\\|\\/\x20__\\/\x20__\\/\x20__\\/\x20__\\/\x20_:
SF:\\\x20\x20\|:\.\x20\x20\\\x20\x20\\___\x20\\\r\n\x20\x20\x20\\\\'\\__\\
SF:'\\__\\'\\__\\'\\__\\'\\_`\.__\|\x20\x20`\.\x20\\\x20\x20\\___\x20\\\r\
SF:n\x20\x20\x20\x20\\\\/\x20__\\/\x20__\\/\x20__\\/\x20__\\/\x20__:\x20\x
SF:20\x20\x20\x20\x20\x20\x20\x20\x20\x20\x20\x20\x20\x20\x20\\\r\n\x20\x2
SF:0\x20\x20\x20\\\\'\\__\\'\\__\\'\\__\\\x20\\__\\'\\_;-----------------`
SF:\r\n\x20\x20\x20\x20\x20\x20\\\\/\x20\x20\x20\\/\x20\x20\x20\\/\x20\x20
SF:\x20\\/\x20\x20\x20\\/\x20:\x20\x20\x20\x20\x20\x20\x20\x20\x20\x20\x20
SF:\x20\x20\x20\x20\x20\x20\|\r\n\x20\x20\x20\x20\x20\x20\x20\\\|_________
SF:_____________;________________\|\r\n\r\nA\x20small\x20hint\x20from\x20M
SF:r\.Wonka\x20:\x20Look\x20somewhere\x20else,\x20its\x20not\x20here!\x20;
SF:\)\x20\r\nI\x20hope\x20you\x20wont\x20drown\x20Augustus\"\x20")%r(Gener
SF:icLines,20F,"\"Welcome\x20to\x20chocolate\x20room!!\x20\r\n\x20\x20\x20
SF:\x20___\x20\x20___\x20\x20___\x20\x20___\x20\x20___\.---------------\.\
SF:r\n\x20\x20\.'\\__\\'\\__\\'\\__\\'\\__\\'\\__,`\x20\x20\x20\.\x20\x20_
SF:___\x20___\x20\\\r\n\x20\x20\\\|\\/\x20__\\/\x20__\\/\x20__\\/\x20__\\/
SF:\x20_:\\\x20\x20\|:\.\x20\x20\\\x20\x20\\___\x20\\\r\n\x20\x20\x20\\\\'
SF:\\__\\'\\__\\'\\__\\'\\__\\'\\_`\.__\|\x20\x20`\.\x20\\\x20\x20\\___\x2
SF:0\\\r\n\x20\x20\x20\x20\\\\/\x20__\\/\x20__\\/\x20__\\/\x20__\\/\x20__:
SF:\x20\x20\x20\x20\x20\x20\x20\x20\x20\x20\x20\x20\x20\x20\x20\x20\\\r\n\
SF:x20\x20\x20\x20\x20\\\\'\\__\\'\\__\\'\\__\\\x20\\__\\'\\_;------------
SF:-----`\r\n\x20\x20\x20\x20\x20\x20\\\\/\x20\x20\x20\\/\x20\x20\x20\\/\x
SF:20\x20\x20\\/\x20\x20\x20\\/\x20:\x20\x20\x20\x20\x20\x20\x20\x20\x20\x
SF:20\x20\x20\x20\x20\x20\x20\x20\|\r\n\x20\x20\x20\x20\x20\x20\x20\\\|___
SF:___________________;________________\|\r\n\r\nA\x20small\x20hint\x20fro
SF:m\x20Mr\.Wonka\x20:\x20Look\x20somewhere\x20else,\x20its\x20not\x20here
SF:!\x20;\)\x20\r\nI\x20hope\x20you\x20wont\x20drown\x20Augustus\"\x20");
==============NEXT SERVICE FINGERPRINT (SUBMIT INDIVIDUALLY)==============
SF-Port121-TCP:V=7.91%I=7%D=1/19%Time=6006DDD3%P=x86_64-pc-linux-gnu%r(NUL
SF:L,20F,"\"Welcome\x20to\x20chocolate\x20room!!\x20\r\n\x20\x20\x20\x20__
SF:_\x20\x20___\x20\x20___\x20\x20___\x20\x20___\.---------------\.\r\n\x2
SF:0\x20\.'\\__\\'\\__\\'\\__\\'\\__\\'\\__,`\x20\x20\x20\.\x20\x20____\x2
SF:0___\x20\\\r\n\x20\x20\\\|\\/\x20__\\/\x20__\\/\x20__\\/\x20__\\/\x20_:
SF:\\\x20\x20\|:\.\x20\x20\\\x20\x20\\___\x20\\\r\n\x20\x20\x20\\\\'\\__\\
SF:'\\__\\'\\__\\'\\__\\'\\_`\.__\|\x20\x20`\.\x20\\\x20\x20\\___\x20\\\r\
SF:n\x20\x20\x20\x20\\\\/\x20__\\/\x20__\\/\x20__\\/\x20__\\/\x20__:\x20\x
SF:20\x20\x20\x20\x20\x20\x20\x20\x20\x20\x20\x20\x20\x20\x20\\\r\n\x20\x2
SF:0\x20\x20\x20\\\\'\\__\\'\\__\\'\\__\\\x20\\__\\'\\_;-----------------`
SF:\r\n\x20\x20\x20\x20\x20\x20\\\\/\x20\x20\x20\\/\x20\x20\x20\\/\x20\x20
SF:\x20\\/\x20\x20\x20\\/\x20:\x20\x20\x20\x20\x20\x20\x20\x20\x20\x20\x20
SF:\x20\x20\x20\x20\x20\x20\|\r\n\x20\x20\x20\x20\x20\x20\x20\\\|_________
SF:_____________;________________\|\r\n\r\nA\x20small\x20hint\x20from\x20M
SF:r\.Wonka\x20:\x20Look\x20somewhere\x20else,\x20its\x20not\x20here!\x20;
SF:\)\x20\r\nI\x20hope\x20you\x20wont\x20drown\x20Augustus\"\x20")%r(Gener
SF:icLines,20F,"\"Welcome\x20to\x20chocolate\x20room!!\x20\r\n\x20\x20\x20
SF:\x20___\x20\x20___\x20\x20___\x20\x20___\x20\x20___\.---------------\.\
SF:r\n\x20\x20\.'\\__\\'\\__\\'\\__\\'\\__\\'\\__,`\x20\x20\x20\.\x20\x20_
SF:___\x20___\x20\\\r\n\x20\x20\\\|\\/\x20__\\/\x20__\\/\x20__\\/\x20__\\/
SF:\x20_:\\\x20\x20\|:\.\x20\x20\\\x20\x20\\___\x20\\\r\n\x20\x20\x20\\\\'
SF:\\__\\'\\__\\'\\__\\'\\__\\'\\_`\.__\|\x20\x20`\.\x20\\\x20\x20\\___\x2
SF:0\\\r\n\x20\x20\x20\x20\\\\/\x20__\\/\x20__\\/\x20__\\/\x20__\\/\x20__:
SF:\x20\x20\x20\x20\x20\x20\x20\x20\x20\x20\x20\x20\x20\x20\x20\x20\\\r\n\
SF:x20\x20\x20\x20\x20\\\\'\\__\\'\\__\\'\\__\\\x20\\__\\'\\_;------------
SF:-----`\r\n\x20\x20\x20\x20\x20\x20\\\\/\x20\x20\x20\\/\x20\x20\x20\\/\x
SF:20\x20\x20\\/\x20\x20\x20\\/\x20:\x20\x20\x20\x20\x20\x20\x20\x20\x20\x
SF:20\x20\x20\x20\x20\x20\x20\x20\|\r\n\x20\x20\x20\x20\x20\x20\x20\\\|___
SF:___________________;________________\|\r\n\r\nA\x20small\x20hint\x20fro
SF:m\x20Mr\.Wonka\x20:\x20Look\x20somewhere\x20else,\x20its\x20not\x20here
SF:!\x20;\)\x20\r\nI\x20hope\x20you\x20wont\x20drown\x20Augustus\"\x20");
==============NEXT SERVICE FINGERPRINT (SUBMIT INDIVIDUALLY)==============
SF-Port122-TCP:V=7.91%I=7%D=1/19%Time=6006DDD3%P=x86_64-pc-linux-gnu%r(NUL
SF:L,20F,"\"Welcome\x20to\x20chocolate\x20room!!\x20\r\n\x20\x20\x20\x20__
SF:_\x20\x20___\x20\x20___\x20\x20___\x20\x20___\.---------------\.\r\n\x2
SF:0\x20\.'\\__\\'\\__\\'\\__\\'\\__\\'\\__,`\x20\x20\x20\.\x20\x20____\x2
SF:0___\x20\\\r\n\x20\x20\\\|\\/\x20__\\/\x20__\\/\x20__\\/\x20__\\/\x20_:
SF:\\\x20\x20\|:\.\x20\x20\\\x20\x20\\___\x20\\\r\n\x20\x20\x20\\\\'\\__\\
SF:'\\__\\'\\__\\'\\__\\'\\_`\.__\|\x20\x20`\.\x20\\\x20\x20\\___\x20\\\r\
SF:n\x20\x20\x20\x20\\\\/\x20__\\/\x20__\\/\x20__\\/\x20__\\/\x20__:\x20\x
SF:20\x20\x20\x20\x20\x20\x20\x20\x20\x20\x20\x20\x20\x20\x20\\\r\n\x20\x2
SF:0\x20\x20\x20\\\\'\\__\\'\\__\\'\\__\\\x20\\__\\'\\_;-----------------`
SF:\r\n\x20\x20\x20\x20\x20\x20\\\\/\x20\x20\x20\\/\x20\x20\x20\\/\x20\x20
SF:\x20\\/\x20\x20\x20\\/\x20:\x20\x20\x20\x20\x20\x20\x20\x20\x20\x20\x20
SF:\x20\x20\x20\x20\x20\x20\|\r\n\x20\x20\x20\x20\x20\x20\x20\\\|_________
SF:_____________;________________\|\r\n\r\nA\x20small\x20hint\x20from\x20M
SF:r\.Wonka\x20:\x20Look\x20somewhere\x20else,\x20its\x20not\x20here!\x20;
SF:\)\x20\r\nI\x20hope\x20you\x20wont\x20drown\x20Augustus\"\x20")%r(Gener
SF:icLines,20F,"\"Welcome\x20to\x20chocolate\x20room!!\x20\r\n\x20\x20\x20
SF:\x20___\x20\x20___\x20\x20___\x20\x20___\x20\x20___\.---------------\.\
SF:r\n\x20\x20\.'\\__\\'\\__\\'\\__\\'\\__\\'\\__,`\x20\x20\x20\.\x20\x20_
SF:___\x20___\x20\\\r\n\x20\x20\\\|\\/\x20__\\/\x20__\\/\x20__\\/\x20__\\/
SF:\x20_:\\\x20\x20\|:\.\x20\x20\\\x20\x20\\___\x20\\\r\n\x20\x20\x20\\\\'
SF:\\__\\'\\__\\'\\__\\'\\__\\'\\_`\.__\|\x20\x20`\.\x20\\\x20\x20\\___\x2
SF:0\\\r\n\x20\x20\x20\x20\\\\/\x20__\\/\x20__\\/\x20__\\/\x20__\\/\x20__:
SF:\x20\x20\x20\x20\x20\x20\x20\x20\x20\x20\x20\x20\x20\x20\x20\x20\\\r\n\
SF:x20\x20\x20\x20\x20\\\\'\\__\\'\\__\\'\\__\\\x20\\__\\'\\_;------------
SF:-----`\r\n\x20\x20\x20\x20\x20\x20\\\\/\x20\x20\x20\\/\x20\x20\x20\\/\x
SF:20\x20\x20\\/\x20\x20\x20\\/\x20:\x20\x20\x20\x20\x20\x20\x20\x20\x20\x
SF:20\x20\x20\x20\x20\x20\x20\x20\|\r\n\x20\x20\x20\x20\x20\x20\x20\\\|___
SF:___________________;________________\|\r\n\r\nA\x20small\x20hint\x20fro
SF:m\x20Mr\.Wonka\x20:\x20Look\x20somewhere\x20else,\x20its\x20not\x20here
SF:!\x20;\)\x20\r\nI\x20hope\x20you\x20wont\x20drown\x20Augustus\"\x20");
==============NEXT SERVICE FINGERPRINT (SUBMIT INDIVIDUALLY)==============
SF-Port123-TCP:V=7.91%I=7%D=1/19%Time=6006DDD3%P=x86_64-pc-linux-gnu%r(NUL
SF:L,20F,"\"Welcome\x20to\x20chocolate\x20room!!\x20\r\n\x20\x20\x20\x20__
SF:_\x20\x20___\x20\x20___\x20\x20___\x20\x20___\.---------------\.\r\n\x2
SF:0\x20\.'\\__\\'\\__\\'\\__\\'\\__\\'\\__,`\x20\x20\x20\.\x20\x20____\x2
SF:0___\x20\\\r\n\x20\x20\\\|\\/\x20__\\/\x20__\\/\x20__\\/\x20__\\/\x20_:
SF:\\\x20\x20\|:\.\x20\x20\\\x20\x20\\___\x20\\\r\n\x20\x20\x20\\\\'\\__\\
SF:'\\__\\'\\__\\'\\__\\'\\_`\.__\|\x20\x20`\.\x20\\\x20\x20\\___\x20\\\r\
SF:n\x20\x20\x20\x20\\\\/\x20__\\/\x20__\\/\x20__\\/\x20__\\/\x20__:\x20\x
SF:20\x20\x20\x20\x20\x20\x20\x20\x20\x20\x20\x20\x20\x20\x20\\\r\n\x20\x2
SF:0\x20\x20\x20\\\\'\\__\\'\\__\\'\\__\\\x20\\__\\'\\_;-----------------`
SF:\r\n\x20\x20\x20\x20\x20\x20\\\\/\x20\x20\x20\\/\x20\x20\x20\\/\x20\x20
SF:\x20\\/\x20\x20\x20\\/\x20:\x20\x20\x20\x20\x20\x20\x20\x20\x20\x20\x20
SF:\x20\x20\x20\x20\x20\x20\|\r\n\x20\x20\x20\x20\x20\x20\x20\\\|_________
SF:_____________;________________\|\r\n\r\nA\x20small\x20hint\x20from\x20M
SF:r\.Wonka\x20:\x20Look\x20somewhere\x20else,\x20its\x20not\x20here!\x20;
SF:\)\x20\r\nI\x20hope\x20you\x20wont\x20drown\x20Augustus\"\x20")%r(Gener
SF:icLines,20F,"\"Welcome\x20to\x20chocolate\x20room!!\x20\r\n\x20\x20\x20
SF:\x20___\x20\x20___\x20\x20___\x20\x20___\x20\x20___\.---------------\.\
SF:r\n\x20\x20\.'\\__\\'\\__\\'\\__\\'\\__\\'\\__,`\x20\x20\x20\.\x20\x20_
SF:___\x20___\x20\\\r\n\x20\x20\\\|\\/\x20__\\/\x20__\\/\x20__\\/\x20__\\/
SF:\x20_:\\\x20\x20\|:\.\x20\x20\\\x20\x20\\___\x20\\\r\n\x20\x20\x20\\\\'
SF:\\__\\'\\__\\'\\__\\'\\__\\'\\_`\.__\|\x20\x20`\.\x20\\\x20\x20\\___\x2
SF:0\\\r\n\x20\x20\x20\x20\\\\/\x20__\\/\x20__\\/\x20__\\/\x20__\\/\x20__:
SF:\x20\x20\x20\x20\x20\x20\x20\x20\x20\x20\x20\x20\x20\x20\x20\x20\\\r\n\
SF:x20\x20\x20\x20\x20\\\\'\\__\\'\\__\\'\\__\\\x20\\__\\'\\_;------------
SF:-----`\r\n\x20\x20\x20\x20\x20\x20\\\\/\x20\x20\x20\\/\x20\x20\x20\\/\x
SF:20\x20\x20\\/\x20\x20\x20\\/\x20:\x20\x20\x20\x20\x20\x20\x20\x20\x20\x
SF:20\x20\x20\x20\x20\x20\x20\x20\|\r\n\x20\x20\x20\x20\x20\x20\x20\\\|___
SF:___________________;________________\|\r\n\r\nA\x20small\x20hint\x20fro
SF:m\x20Mr\.Wonka\x20:\x20Look\x20somewhere\x20else,\x20its\x20not\x20here
SF:!\x20;\)\x20\r\nI\x20hope\x20you\x20wont\x20drown\x20Augustus\"\x20");
==============NEXT SERVICE FINGERPRINT (SUBMIT INDIVIDUALLY)==============
SF-Port124-TCP:V=7.91%I=7%D=1/19%Time=6006DDD3%P=x86_64-pc-linux-gnu%r(NUL
SF:L,20F,"\"Welcome\x20to\x20chocolate\x20room!!\x20\r\n\x20\x20\x20\x20__
SF:_\x20\x20___\x20\x20___\x20\x20___\x20\x20___\.---------------\.\r\n\x2
SF:0\x20\.'\\__\\'\\__\\'\\__\\'\\__\\'\\__,`\x20\x20\x20\.\x20\x20____\x2
SF:0___\x20\\\r\n\x20\x20\\\|\\/\x20__\\/\x20__\\/\x20__\\/\x20__\\/\x20_:
SF:\\\x20\x20\|:\.\x20\x20\\\x20\x20\\___\x20\\\r\n\x20\x20\x20\\\\'\\__\\
SF:'\\__\\'\\__\\'\\__\\'\\_`\.__\|\x20\x20`\.\x20\\\x20\x20\\___\x20\\\r\
SF:n\x20\x20\x20\x20\\\\/\x20__\\/\x20__\\/\x20__\\/\x20__\\/\x20__:\x20\x
SF:20\x20\x20\x20\x20\x20\x20\x20\x20\x20\x20\x20\x20\x20\x20\\\r\n\x20\x2
SF:0\x20\x20\x20\\\\'\\__\\'\\__\\'\\__\\\x20\\__\\'\\_;-----------------`
SF:\r\n\x20\x20\x20\x20\x20\x20\\\\/\x20\x20\x20\\/\x20\x20\x20\\/\x20\x20
SF:\x20\\/\x20\x20\x20\\/\x20:\x20\x20\x20\x20\x20\x20\x20\x20\x20\x20\x20
SF:\x20\x20\x20\x20\x20\x20\|\r\n\x20\x20\x20\x20\x20\x20\x20\\\|_________
SF:_____________;________________\|\r\n\r\nA\x20small\x20hint\x20from\x20M
SF:r\.Wonka\x20:\x20Look\x20somewhere\x20else,\x20its\x20not\x20here!\x20;
SF:\)\x20\r\nI\x20hope\x20you\x20wont\x20drown\x20Augustus\"\x20")%r(Gener
SF:icLines,20F,"\"Welcome\x20to\x20chocolate\x20room!!\x20\r\n\x20\x20\x20
SF:\x20___\x20\x20___\x20\x20___\x20\x20___\x20\x20___\.---------------\.\
SF:r\n\x20\x20\.'\\__\\'\\__\\'\\__\\'\\__\\'\\__,`\x20\x20\x20\.\x20\x20_
SF:___\x20___\x20\\\r\n\x20\x20\\\|\\/\x20__\\/\x20__\\/\x20__\\/\x20__\\/
SF:\x20_:\\\x20\x20\|:\.\x20\x20\\\x20\x20\\___\x20\\\r\n\x20\x20\x20\\\\'
SF:\\__\\'\\__\\'\\__\\'\\__\\'\\_`\.__\|\x20\x20`\.\x20\\\x20\x20\\___\x2
SF:0\\\r\n\x20\x20\x20\x20\\\\/\x20__\\/\x20__\\/\x20__\\/\x20__\\/\x20__:
SF:\x20\x20\x20\x20\x20\x20\x20\x20\x20\x20\x20\x20\x20\x20\x20\x20\\\r\n\
SF:x20\x20\x20\x20\x20\\\\'\\__\\'\\__\\'\\__\\\x20\\__\\'\\_;------------
SF:-----`\r\n\x20\x20\x20\x20\x20\x20\\\\/\x20\x20\x20\\/\x20\x20\x20\\/\x
SF:20\x20\x20\\/\x20\x20\x20\\/\x20:\x20\x20\x20\x20\x20\x20\x20\x20\x20\x
SF:20\x20\x20\x20\x20\x20\x20\x20\|\r\n\x20\x20\x20\x20\x20\x20\x20\\\|___
SF:___________________;________________\|\r\n\r\nA\x20small\x20hint\x20fro
SF:m\x20Mr\.Wonka\x20:\x20Look\x20somewhere\x20else,\x20its\x20not\x20here
SF:!\x20;\)\x20\r\nI\x20hope\x20you\x20wont\x20drown\x20Augustus\"\x20");
Service Info: OSs: Unix, Linux; CPE: cpe:/o:linux:linux_kernel

NSE: Script Post-scanning.
NSE: Starting runlevel 1 (of 3) scan.
Initiating NSE at 19:01
Completed NSE at 19:01, 0.00s elapsed
NSE: Starting runlevel 2 (of 3) scan.
Initiating NSE at 19:01
Completed NSE at 19:01, 0.00s elapsed
NSE: Starting runlevel 3 (of 3) scan.
Initiating NSE at 19:01
Completed NSE at 19:01, 0.00s elapsed
Read data files from: /usr/bin/../share/nmap
Service detection performed. Please report any incorrect results at https://nmap.org/submit/ .
Nmap done: 1 IP address (1 host up) scanned in 365.46 seconds

