===============================================================
Gobuster v3.1.0
by OJ Reeves (@TheColonial) & Christian Mehlmauer (@firefart)
===============================================================
[+] Url:                     http://funbox.fritz.box/secret
[+] Method:                  GET
[+] Threads:                 50
[+] Wordlist:                /usr/share/wordlists/dirb/common.txt
[+] Negative Status codes:   404
[+] User Agent:              gobuster/3.1.0
[+] Timeout:                 10s
===============================================================
2021/09/26 11:14:13 Starting gobuster in directory enumeration mode
===============================================================
/.htaccess            (Status: 403) [Size: 281]
/.htpasswd            (Status: 403) [Size: 281]
/.hta                 (Status: 403) [Size: 281]
/index.html           (Status: 200) [Size: 30] 
===============================================================
2021/09/26 11:14:49 Finished
===============================================================
