===============================================================
Gobuster v3.1.0
by OJ Reeves (@TheColonial) & Christian Mehlmauer (@firefart)
===============================================================
[+] Url:                     http://10.10.11.100/
[+] Method:                  GET
[+] Threads:                 50
[+] Wordlist:                /usr/share/wordlists/dirb/common.txt
[+] Negative Status codes:   404
[+] User Agent:              gobuster/3.1.0
[+] Timeout:                 10s
===============================================================
2021/09/27 11:02:43 Starting gobuster in directory enumeration mode
===============================================================
/.htpasswd            (Status: 403) [Size: 277]
/.hta                 (Status: 403) [Size: 277]
/.htaccess            (Status: 403) [Size: 277]
/assets               (Status: 301) [Size: 313] [--> http://10.10.11.100/assets/]
/css                  (Status: 301) [Size: 310] [--> http://10.10.11.100/css/]   
/index.php            (Status: 200) [Size: 25169]                                
/js                   (Status: 301) [Size: 309] [--> http://10.10.11.100/js/]    
/resources            (Status: 301) [Size: 316] [--> http://10.10.11.100/resources/]
/server-status        (Status: 403) [Size: 277]                                     
===============================================================
2021/09/27 11:03:28 Finished
===============================================================
