===============================================================
Gobuster v3.0.1
by OJ Reeves (@TheColonial) & Christian Mehlmauer (@_FireFart_)
===============================================================
[+] Url:            http://10.10.169.224/
[+] Threads:        40
[+] Wordlist:       /usr/share/wordlists/dirbuster/directory-list-2.3-medium.txt
[+] Status codes:   200,204,301,302,307,401,403
[+] User Agent:     gobuster/3.0.1
[+] Timeout:        10s
===============================================================
2020/12/31 20:22:42 Starting gobuster
===============================================================
/index (Status: 200)
/login (Status: 301)
/button (Status: 200)
/static (Status: 200)
/cat (Status: 200)
/small (Status: 200)
/robots (Status: 200)
/iphone (Status: 200)
/game1 (Status: 301)
/egg (Status: 200)
/ty (Status: 200)
/ready (Status: 301)
/saw (Status: 200)
/game2 (Status: 301)
/wel (Status: 200)
/free_sub (Status: 301)
/nicole (Status: 200)
/server-status (Status: 403)
===============================================================
2020/12/31 21:24:30 Finished
===============================================================
