===============================================================
Gobuster v3.0.1
by OJ Reeves (@TheColonial) & Christian Mehlmauer (@_FireFart_)
===============================================================
[+] Url:            http://10.10.169.224/
[+] Threads:        40
[+] Wordlist:       /usr/share/wordlists/dirb/common.txt
[+] Status codes:   200,204,301,302,307,401,403
[+] User Agent:     gobuster/3.0.1
[+] Timeout:        10s
===============================================================
2020/12/31 20:19:34 Starting gobuster
===============================================================
/.htpasswd (Status: 403)
/.htaccess (Status: 403)
/.hta (Status: 403)
/cgi-bin/ (Status: 403)
/button (Status: 200)
/cat (Status: 200)
/index (Status: 200)
/iphone (Status: 200)
/index.php (Status: 200)
/login (Status: 301)
/robots (Status: 200)
/robots.txt (Status: 200)
/server-status (Status: 403)
/small (Status: 200)
===============================================================
2020/12/31 20:22:18 Finished
===============================================================
