===============================================================
Gobuster v3.1.0
by OJ Reeves (@TheColonial) & Christian Mehlmauer (@firefart)
===============================================================
[+] Url:                     http://magic.uploadvulns.thm
[+] Method:                  GET
[+] Threads:                 50
[+] Wordlist:                /usr/share/wordlists/dirb/big.txt
[+] Negative Status codes:   404
[+] User Agent:              gobuster/3.1.0
[+] Timeout:                 10s
===============================================================
2021/08/07 10:58:15 Starting gobuster in directory enumeration mode
===============================================================
/.htaccess            (Status: 403) [Size: 286]
/.htpasswd            (Status: 403) [Size: 286]
/assets               (Status: 301) [Size: 331] [--> http://magic.uploadvulns.thm/assets/]
/favicon.ico          (Status: 200) [Size: 1742]                                          
/graphics             (Status: 301) [Size: 333] [--> http://magic.uploadvulns.thm/graphics/]
/server-status        (Status: 403) [Size: 286]                                             
===============================================================
2021/08/07 11:01:49 Finished
===============================================================
