===============================================================
Gobuster v3.1.0
by OJ Reeves (@TheColonial) & Christian Mehlmauer (@firefart)
===============================================================
[+] Url:                     http://jewel.uploadvulns.thm
[+] Method:                  GET
[+] Threads:                 50
[+] Wordlist:                /usr/share/wordlists/dirbuster/directory-list-2.3-medium.txt
[+] Negative Status codes:   404
[+] User Agent:              gobuster/3.1.0
[+] Timeout:                 10s
===============================================================
2021/08/07 12:10:14 Starting gobuster in directory enumeration mode
===============================================================
/content              (Status: 301) [Size: 181] [--> /content/]
/modules              (Status: 301) [Size: 181] [--> /modules/]
/admin                (Status: 200) [Size: 1238]               
/assets               (Status: 301) [Size: 179] [--> /assets/] 
/Content              (Status: 301) [Size: 181] [--> /Content/]
/Assets               (Status: 301) [Size: 179] [--> /Assets/] 
/Modules              (Status: 301) [Size: 181] [--> /Modules/]
/Admin                (Status: 200) [Size: 1238]               
/%C0                  (Status: 400) [Size: 1087]               
