===============================================================
Gobuster v3.0.1
by OJ Reeves (@TheColonial) & Christian Mehlmauer (@_FireFart_)
===============================================================
[+] Url:            http://10.10.113.173
[+] Threads:        40
[+] Wordlist:       /usr/share/wordlists/dirbuster/directory-list-2.3-medium.txt
[+] Status codes:   200,204,301,302,307,401,403
[+] User Agent:     gobuster/3.0.1
[+] Timeout:        10s
===============================================================
2021/01/12 20:59:44 Starting gobuster
===============================================================
/img (Status: 301)
/downloads (Status: 301)
/aboutus (Status: 301)
/admin (Status: 301)
/css (Status: 301)
/http%3A%2F%2Fwww (Status: 301)
/http%3A%2F%2Fyoutube (Status: 301)
/http%3A%2F%2Fblogs (Status: 301)
