===============================================================
Gobuster v3.1.0
by OJ Reeves (@TheColonial) & Christian Mehlmauer (@firefart)
===============================================================
[+] Url:                     http://10.10.10.242/
[+] Method:                  GET
[+] Threads:                 50
[+] Wordlist:                /usr/share/wordlists/dirb/big.txt
[+] Negative Status codes:   404
[+] User Agent:              gobuster/3.1.0
[+] Extensions:              php,txt,bak
[+] Timeout:                 10s
===============================================================
2021/08/31 20:24:08 Starting gobuster in directory enumeration mode
===============================================================
/.htpasswd            (Status: 403) [Size: 277]
/.htaccess.txt        (Status: 403) [Size: 277]
/.htaccess.bak        (Status: 403) [Size: 277]
/.htpasswd.txt        (Status: 403) [Size: 277]
/.htaccess            (Status: 403) [Size: 277]
/.htpasswd.bak        (Status: 403) [Size: 277]
/index.php            (Status: 200) [Size: 5815]
