- Nikto v2.1.6
---------------------------------------------------------------------------
+ Target IP:          3.82.106.93
+ Target Hostname:    3.82.106.93
+ Target Port:        80
+ Start Time:         2022-12-21 13:56:37 (GMT0)
---------------------------------------------------------------------------
+ Server: No banner retrieved
+ Retrieved x-powered-by header: Express
+ Retrieved x-server header: HaProxy-2.4.0
+ The anti-clickjacking X-Frame-Options header is not present.
+ The X-XSS-Protection header is not defined. This header can hint to the user agent to protect against some forms of XSS
+ Uncommon header 'x-server' found, with contents: HaProxy-2.4.0
+ The X-Content-Type-Options header is not set. This could allow the user agent to render the content of the site in a different fashion to the MIME type
+ Allowed HTTP Methods: GET, HEAD 
+ /: A Wordpress installation was found.
+ 26522 requests: 0 error(s) and 8 item(s) reported on remote host
+ End Time:           2022-12-21 14:38:03 (GMT0) (2486 seconds)
---------------------------------------------------------------------------
+ 1 host(s) tested
