- Nikto v2.1.6
---------------------------------------------------------------------------
+ Target IP:          192.168.43.14
+ Target Hostname:    192.168.43.14
+ Target Port:        12380
---------------------------------------------------------------------------
+ SSL Info:        Subject:  /C=UK/ST=Somewhere in the middle of nowhere/L=Really, what are you meant to put here?/O=Initech/OU=Pam: I give up. no idea what to put here./CN=Red.Initech/emailAddress=pam@red.localhost
                   Ciphers:  ECDHE-RSA-AES256-GCM-SHA384
                   Issuer:   /C=UK/ST=Somewhere in the middle of nowhere/L=Really, what are you meant to put here?/O=Initech/OU=Pam: I give up. no idea what to put here./CN=Red.Initech/emailAddress=pam@red.localhost
+ Start Time:         2021-09-07 13:18:00 (GMT5.5)
---------------------------------------------------------------------------
+ Server: Apache/2.4.18 (Ubuntu)
+ The anti-clickjacking X-Frame-Options header is not present.
+ The X-XSS-Protection header is not defined. This header can hint to the user agent to protect against some forms of XSS
+ Uncommon header 'dave' found, with contents: Soemthing doesn't look right here
+ The site uses SSL and the Strict-Transport-Security HTTP header is not defined.
+ The site uses SSL and Expect-CT header is not present.
+ The X-Content-Type-Options header is not set. This could allow the user agent to render the content of the site in a different fashion to the MIME type
+ No CGI Directories found (use '-C all' to force check all possible dirs)
+ Entry '/admin112233/' in robots.txt returned a non-forbidden or redirect HTTP code (200)
+ Entry '/blogblog/' in robots.txt returned a non-forbidden or redirect HTTP code (200)
+ "robots.txt" contains 2 entries which should be manually viewed.
+ Hostname '192.168.43.14' does not match certificate's names: Red.Initech
+ Apache/2.4.18 appears to be outdated (current is at least Apache/2.4.37). Apache 2.2.34 is the EOL for the 2.x branch.
+ Allowed HTTP Methods: POST, OPTIONS, GET, HEAD 
+ Uncommon header 'x-ob_mode' found, with contents: 1
+ OSVDB-3233: /icons/README: Apache default file found.
+ /phpmyadmin/: phpMyAdmin directory found
+ 8071 requests: 0 error(s) and 15 item(s) reported on remote host
+ End Time:           2021-09-07 13:20:50 (GMT5.5) (170 seconds)
---------------------------------------------------------------------------
+ 1 host(s) tested
