- Nikto v2.1.6
---------------------------------------------------------------------------
+ Target IP:          3.238.30.178
+ Target Hostname:    3.238.30.178
+ Target Port:        3022
+ Start Time:         2022-12-10 19:47:08 (GMT0)
---------------------------------------------------------------------------
+ Server: Apache/2.4.25 (Debian)
+ The anti-clickjacking X-Frame-Options header is not present.
+ The X-XSS-Protection header is not defined. This header can hint to the user agent to protect against some forms of XSS
+ The X-Content-Type-Options header is not set. This could allow the user agent to render the content of the site in a different fashion to the MIME type
+ Entry '/cgi-bin/status.cgi' in robots.txt returned a non-forbidden or redirect HTTP code (200)
+ "robots.txt" contains 1 entry which should be manually viewed.
+ Apache/2.4.25 appears to be outdated (current is at least Apache/2.4.37). Apache 2.2.34 is the EOL for the 2.x branch.
+ Server may leak inodes via ETags, header found with file /, inode: cb, size: 5e99558fe1a00, mtime: gzip
+ Allowed HTTP Methods: GET, HEAD, POST, OPTIONS 
+ OSVDB-561: /server-status: This reveals Apache information. Comment out appropriate line in the Apache conf file or restrict access to allowed sources.
+ OSVDB-3233: /icons/README: Apache default file found.
+ 8734 requests: 0 error(s) and 10 item(s) reported on remote host
+ End Time:           2022-12-10 20:00:35 (GMT0) (807 seconds)
---------------------------------------------------------------------------
+ 1 host(s) tested
