===============================================================
Gobuster v3.0.1
by OJ Reeves (@TheColonial) & Christian Mehlmauer (@_FireFart_)
===============================================================
[+] Url:            http://academy.htb/
[+] Threads:        40
[+] Wordlist:       /usr/share/wordlists/dirbuster/directory-list-2.3-medium.txt
[+] Status codes:   200,204,301,302,307,401,403
[+] User Agent:     gobuster/3.0.1
[+] Extensions:     bak,php,txt,zip
[+] Timeout:        10s
===============================================================
2021/01/02 19:11:54 Starting gobuster
===============================================================
/index.php (Status: 200)
/images (Status: 301)
/home.php (Status: 302)
/register.php (Status: 200)
/login.php (Status: 200)
/admin.php (Status: 200)
/config.php (Status: 200)
