[1m[38;2;0;255;0m.[38;2;0;255;6m-[38;2;0;255;13m-[38;2;0;255;19m-[38;2;0;255;25m-[38;2;0;255;32m.[38;2;0;255;38m [38;2;0;255;45m.[38;2;0;255;51m-[38;2;0;255;57m.[38;2;0;255;64m [38;2;0;255;70m.[38;2;0;255;76m-[38;2;0;255;83m.[38;2;0;255;89m [38;2;0;255;96m.[38;2;0;255;102m-[38;2;0;255;108m-[38;2;0;255;115m-[38;2;0;255;121m-[38;2;0;255;127m.[38;2;0;255;134m.[38;2;0;255;140m-[38;2;0;255;147m-[38;2;0;255;153m-[38;2;0;255;159m.[38;2;0;255;166m [38;2;0;255;172m [38;2;0;255;178m.[38;2;0;255;185m-[38;2;0;255;191m-[38;2;0;255;198m-[38;2;0;255;204m-[38;2;0;255;210m.[38;2;0;255;217m [38;2;0;255;223m.[38;2;0;255;229m-[38;2;0;255;236m-[38;2;0;255;242m-[38;2;0;255;249m.[38;2;0;255;255m [38;2;0;249;255m [38;2;0;242;255m [38;2;0;236;255m.[38;2;0;230;255m-[38;2;0;223;255m-[38;2;0;217;255m.[38;2;0;210;255m [38;2;0;204;255m [38;2;0;198;255m.[38;2;0;191;255m-[38;2;0;185;255m.[38;2;0;179;255m [38;2;0;172;255m.[38;2;0;166;255m-[38;2;0;159;255m.[0m
[38;2;0;255;0m|[38;2;0;255;6m [38;2;0;255;13m{[38;2;0;255;19m}[38;2;0;255;25m [38;2;0;255;32m [38;2;0;255;38m}[38;2;0;255;45m|[38;2;0;255;51m [38;2;0;255;57m{[38;2;0;255;64m [38;2;0;255;70m}[38;2;0;255;76m [38;2;0;255;83m|[38;2;0;255;89m{[38;2;0;255;96m [38;2;0;255;102m{[38;2;0;255;108m_[38;2;0;255;115m_[38;2;0;255;121m [38;2;0;255;127m{[38;2;0;255;134m_[38;2;0;255;140m [38;2;0;255;147m [38;2;0;255;153m [38;2;0;255;159m_[38;2;0;255;166m}[38;2;0;255;172m{[38;2;0;255;178m [38;2;0;255;185m{[38;2;0;255;191m_[38;2;0;255;198m_[38;2;0;255;204m [38;2;0;255;210m [38;2;0;255;217m/[38;2;0;255;223m [38;2;0;255;229m [38;2;0;255;236m_[38;2;0;255;242m_[38;2;0;255;249m_[38;2;0;255;255m}[38;2;0;249;255m [38;2;0;242;255m/[38;2;0;236;255m [38;2;0;230;255m{[38;2;0;223;255m}[38;2;0;217;255m [38;2;0;210;255m\[38;2;0;204;255m [38;2;0;198;255m|[38;2;0;191;255m [38;2;0;185;255m [38;2;0;179;255m`[38;2;0;172;255m|[38;2;0;166;255m [38;2;0;159;255m|[0m
[38;2;0;255;0m|[38;2;0;255;6m [38;2;0;255;13m.[38;2;0;255;19m-[38;2;0;255;25m.[38;2;0;255;32m [38;2;0;255;38m\[38;2;0;255;45m|[38;2;0;255;51m [38;2;0;255;57m{[38;2;0;255;64m_[38;2;0;255;70m}[38;2;0;255;76m [38;2;0;255;83m|[38;2;0;255;89m.[38;2;0;255;96m-[38;2;0;255;102m.[38;2;0;255;108m_[38;2;0;255;115m}[38;2;0;255;121m [38;2;0;255;127m}[38;2;0;255;134m [38;2;0;255;140m|[38;2;0;255;147m [38;2;0;255;153m|[38;2;0;255;159m [38;2;0;255;166m [38;2;0;255;172m.[38;2;0;255;178m-[38;2;0;255;185m.[38;2;0;255;191m_[38;2;0;255;198m}[38;2;0;255;204m [38;2;0;255;210m}[38;2;0;255;217m\[38;2;0;255;223m [38;2;0;255;229m [38;2;0;255;236m [38;2;0;255;242m [38;2;0;255;249m [38;2;0;255;255m}[38;2;0;249;255m/[38;2;0;242;255m [38;2;0;236;255m [38;2;0;230;255m/[38;2;0;223;255m\[38;2;0;217;255m [38;2;0;210;255m [38;2;0;204;255m\[38;2;0;198;255m|[38;2;0;191;255m [38;2;0;185;255m|[38;2;0;179;255m\[38;2;0;172;255m [38;2;0;166;255m [38;2;0;159;255m|[0m
[38;2;0;255;0m`[38;2;0;255;6m-[38;2;0;255;13m'[38;2;0;255;19m [38;2;0;255;25m`[38;2;0;255;32m-[38;2;0;255;38m'[38;2;0;255;45m`[38;2;0;255;51m-[38;2;0;255;57m-[38;2;0;255;64m-[38;2;0;255;70m-[38;2;0;255;76m-[38;2;0;255;83m'[38;2;0;255;89m`[38;2;0;255;96m-[38;2;0;255;102m-[38;2;0;255;108m-[38;2;0;255;115m-[38;2;0;255;121m'[38;2;0;255;127m [38;2;0;255;134m [38;2;0;255;140m`[38;2;0;255;147m-[38;2;0;255;153m'[38;2;0;255;159m [38;2;0;255;166m [38;2;0;255;172m`[38;2;0;255;178m-[38;2;0;255;185m-[38;2;0;255;191m-[38;2;0;255;198m-[38;2;0;255;204m'[38;2;0;255;210m [38;2;0;255;217m [38;2;0;255;223m`[38;2;0;255;229m-[38;2;0;255;236m-[38;2;0;255;242m-[38;2;0;255;249m'[38;2;0;255;255m [38;2;0;249;255m`[38;2;0;242;255m-[38;2;0;236;255m'[38;2;0;230;255m [38;2;0;223;255m [38;2;0;217;255m`[38;2;0;210;255m-[38;2;0;204;255m'[38;2;0;198;255m`[38;2;0;191;255m-[38;2;0;185;255m'[38;2;0;179;255m [38;2;0;172;255m`[38;2;0;166;255m-[38;2;0;159;255m'[0m
[38;2;0;255;0mT[38;2;0;255;6mh[38;2;0;255;13me[38;2;0;255;19m [38;2;0;255;25mM[38;2;0;255;32mo[38;2;0;255;38md[38;2;0;255;45me[38;2;0;255;51mr[38;2;0;255;57mn[38;2;0;255;64m [38;2;0;255;70mD[38;2;0;255;76ma[38;2;0;255;83my[38;2;0;255;89m [38;2;0;255;96mP[38;2;0;255;102mo[38;2;0;255;108mr[38;2;0;255;115mt[38;2;0;255;121m [38;2;0;255;127mS[38;2;0;255;134mc[38;2;0;255;140ma[38;2;0;255;147mn[38;2;0;255;153mn[38;2;0;255;159me[38;2;0;255;166mr[38;2;0;255;172m.[0m[0m
[1m[38;2;255;255;0m_[38;2;249;255;0m_[38;2;242;255;0m_[38;2;236;255;0m_[38;2;230;255;0m_[38;2;223;255;0m_[38;2;217;255;0m_[38;2;210;255;0m_[38;2;204;255;0m_[38;2;198;255;0m_[38;2;191;255;0m_[38;2;185;255;0m_[38;2;179;255;0m_[38;2;172;255;0m_[38;2;166;255;0m_[38;2;159;255;0m_[38;2;153;255;0m_[38;2;147;255;0m_[38;2;140;255;0m_[38;2;134;255;0m_[38;2;128;255;0m_[38;2;121;255;0m_[38;2;115;255;0m_[38;2;108;255;0m_[38;2;102;255;0m_[38;2;96;255;0m_[38;2;89;255;0m_[38;2;83;255;0m_[38;2;77;255;0m_[38;2;70;255;0m_[38;2;64;255;0m_[38;2;57;255;0m_[38;2;51;255;0m_[38;2;45;255;0m_[38;2;38;255;0m_[38;2;32;255;0m_[38;2;26;255;0m_[38;2;19;255;0m_[38;2;13;255;0m_[38;2;6;255;0m_[0m
[38;2;255;255;0m:[38;2;249;255;0m [38;2;242;255;0mh[38;2;236;255;0mt[38;2;230;255;0mt[38;2;223;255;0mp[38;2;217;255;0ms[38;2;210;255;0m:[38;2;204;255;0m/[38;2;198;255;0m/[38;2;191;255;0md[38;2;185;255;0mi[38;2;179;255;0ms[38;2;172;255;0mc[38;2;166;255;0mo[38;2;159;255;0mr[38;2;153;255;0md[38;2;147;255;0m.[38;2;140;255;0mg[38;2;134;255;0mg[38;2;128;255;0m/[38;2;121;255;0mG[38;2;115;255;0mF[38;2;108;255;0mr[38;2;102;255;0mQ[38;2;96;255;0ms[38;2;89;255;0mG[38;2;83;255;0my[38;2;77;255;0m [38;2;70;255;0m [38;2;64;255;0m [38;2;57;255;0m [38;2;51;255;0m [38;2;45;255;0m [38;2;38;255;0m [38;2;32;255;0m [38;2;26;255;0m [38;2;19;255;0m [38;2;13;255;0m [38;2;6;255;0m:[0m
[38;2;255;255;0m:[38;2;249;255;0m [38;2;242;255;0mh[38;2;236;255;0mt[38;2;230;255;0mt[38;2;223;255;0mp[38;2;217;255;0ms[38;2;210;255;0m:[38;2;204;255;0m/[38;2;198;255;0m/[38;2;191;255;0mg[38;2;185;255;0mi[38;2;179;255;0mt[38;2;172;255;0mh[38;2;166;255;0mu[38;2;159;255;0mb[38;2;153;255;0m.[38;2;147;255;0mc[38;2;140;255;0mo[38;2;134;255;0mm[38;2;128;255;0m/[38;2;121;255;0mR[38;2;115;255;0mu[38;2;108;255;0ms[38;2;102;255;0mt[38;2;96;255;0mS[38;2;89;255;0mc[38;2;83;255;0ma[38;2;77;255;0mn[38;2;70;255;0m/[38;2;64;255;0mR[38;2;57;255;0mu[38;2;51;255;0ms[38;2;45;255;0mt[38;2;38;255;0mS[38;2;32;255;0mc[38;2;26;255;0ma[38;2;19;255;0mn[38;2;13;255;0m [38;2;6;255;0m:[0m
[38;2;255;255;0m [38;2;249;255;0m-[38;2;242;255;0m-[38;2;236;255;0m-[38;2;230;255;0m-[38;2;223;255;0m-[38;2;217;255;0m-[38;2;210;255;0m-[38;2;204;255;0m-[38;2;198;255;0m-[38;2;191;255;0m-[38;2;185;255;0m-[38;2;179;255;0m-[38;2;172;255;0m-[38;2;166;255;0m-[38;2;159;255;0m-[38;2;153;255;0m-[38;2;147;255;0m-[38;2;140;255;0m-[38;2;134;255;0m-[38;2;128;255;0m-[38;2;121;255;0m-[38;2;115;255;0m-[38;2;108;255;0m-[38;2;102;255;0m-[38;2;96;255;0m-[38;2;89;255;0m-[38;2;83;255;0m-[38;2;77;255;0m-[38;2;70;255;0m-[38;2;64;255;0m-[38;2;57;255;0m-[38;2;51;255;0m-[38;2;45;255;0m-[38;2;38;255;0m-[38;2;32;255;0m-[38;2;26;255;0m-[38;2;19;255;0m-[38;2;13;255;0m-[0m[0m
Real hackers hack time ⌛

[1;34m[~][0m The config file is expected to be at "/home/avik/.rustscan.toml"
[1;31m[!][0m File limit is lower than default batch size. Consider upping with --ulimit. May cause harm to sensitive servers
[1;31m[!][0m Your file limit is very small, which negatively impacts RustScan's speed. Use the Docker image, or up the Ulimit with '--ulimit 5000'. 
Open 10.10.173.26:21
Open 10.10.173.26:22
Open 10.10.173.26:139
Open 10.10.173.26:445
Open 10.10.173.26:9001
Open 10.10.173.26:9002
Open 10.10.173.26:9999
[1;34m[~][0m Starting Script(s)
[1;38;2;0;255;9m[>][0m Script to be run Some("nmap -vvv -p {{port}} {{ip}}")

[1;34m[~][0m Starting Nmap 7.91 ( https://nmap.org ) at 2021-01-18 19:05 IST
NSE: Loaded 153 scripts for scanning.
NSE: Script Pre-scanning.
NSE: Starting runlevel 1 (of 3) scan.
Initiating NSE at 19:05
Completed NSE at 19:05, 0.00s elapsed
NSE: Starting runlevel 2 (of 3) scan.
Initiating NSE at 19:05
Completed NSE at 19:05, 0.00s elapsed
NSE: Starting runlevel 3 (of 3) scan.
Initiating NSE at 19:05
Completed NSE at 19:05, 0.00s elapsed
Initiating Ping Scan at 19:05
Scanning 10.10.173.26 [2 ports]
Completed Ping Scan at 19:05, 0.46s elapsed (1 total hosts)
Initiating Parallel DNS resolution of 1 host. at 19:05
Completed Parallel DNS resolution of 1 host. at 19:05, 0.28s elapsed
DNS resolution of 1 IPs took 0.28s. Mode: Async [#: 3, OK: 0, NX: 1, DR: 0, SF: 0, TR: 1, CN: 0]
Initiating Connect Scan at 19:05
Scanning 10.10.173.26 [7 ports]
Discovered open port 445/tcp on 10.10.173.26
Discovered open port 9999/tcp on 10.10.173.26
Discovered open port 21/tcp on 10.10.173.26
Discovered open port 9001/tcp on 10.10.173.26
Discovered open port 22/tcp on 10.10.173.26
Discovered open port 9002/tcp on 10.10.173.26
Discovered open port 139/tcp on 10.10.173.26
Completed Connect Scan at 19:05, 0.48s elapsed (7 total ports)
Initiating Service scan at 19:05
Scanning 7 services on 10.10.173.26
Completed Service scan at 19:07, 142.88s elapsed (7 services on 1 host)
NSE: Script scanning 10.10.173.26.
NSE: Starting runlevel 1 (of 3) scan.
Initiating NSE at 19:07
NSE: [ftp-bounce 10.10.173.26:21] PORT response: 500 Illegal PORT command.
Completed NSE at 19:08, 17.59s elapsed
NSE: Starting runlevel 2 (of 3) scan.
Initiating NSE at 19:08
Completed NSE at 19:08, 7.37s elapsed
NSE: Starting runlevel 3 (of 3) scan.
Initiating NSE at 19:08
Completed NSE at 19:08, 0.00s elapsed
Nmap scan report for 10.10.173.26
Host is up, received conn-refused (0.47s latency).
Scanned at 2021-01-18 19:05:28 IST for 169s

PORT     STATE SERVICE     REASON  VERSION
21/tcp   open  ftp         syn-ack vsftpd 3.0.3
| ftp-anon: Anonymous FTP login allowed (FTP code 230)
| -rwxrwxrwx    1 ftp      ftp           393 Jan 18 05:37 authorized_keys [NSE: writeable]
| -rwxrwxrwx    1 ftp      ftp            33 Mar 26  2020 flag.txt [NSE: writeable]
| -r--r--r--    1 ftp      ftp          1679 Jan 18 05:37 id_rsa
|_-rwxrwxrwx    1 ftp      ftp           393 Jan 18 05:37 id_rsa.pub [NSE: writeable]
| ftp-syst: 
|   STAT: 
| FTP server status:
|      Connected to ::ffff:10.4.23.120
|      Logged in as ftp
|      TYPE: ASCII
|      No session bandwidth limit
|      Session timeout in seconds is 300
|      Control connection is plain text
|      Data connections will be plain text
|      At session startup, client count was 2
|      vsFTPd 3.0.3 - secure, fast, stable
|_End of status
22/tcp   open  ssh         syn-ack OpenSSH 7.2p2 Ubuntu 4ubuntu2.8 (Ubuntu Linux; protocol 2.0)
| ssh-hostkey: 
|   2048 d3:4a:2e:ae:df:db:e1:1b:c1:62:2b:ce:15:00:73:6e (RSA)
| ssh-rsa AAAAB3NzaC1yc2EAAAADAQABAAABAQDD8q5pyj4yQ7rnSM1nLOGXkHUIVuWzo4ZvDvMBiFSCtr7RaciqaytfyOHmFkBdNYVnvjY6KsgFSGn3Q5MzE3rguDJpiTJ5cLAeU0OaGtpznAHwA1cbbqV6G/YqjaSrOJOWUMrWXm5McAZ86Yc2HetoI/Yhh0YshLoXemY4ud0AIIzFvovO8537M5hyhitepfvic44ibktBxXrzDVqdyCA3trYruXrDl0N+BiH4sENEJp6R+B7fEGfouaIU1PDeTqeWBoCqT9ZQ/UR34VGq1vMGOsWKT29D7pHLlKZ2FBoZv9z2UkqX0RegJwdhepDE5RGyW96LMAN1ljXcEMWax+ID
|   256 2e:63:62:b7:95:16:ea:0a:01:0e:12:ef:66:21:23:0b (ECDSA)
| ecdsa-sha2-nistp256 AAAAE2VjZHNhLXNoYTItbmlzdHAyNTYAAAAIbmlzdHAyNTYAAABBBNLtRwA5JCoT7bjPou3bk7UPidDmr9UrUTEusCUeLHS5os773eldDmCQzfUiH0uk2EDWU6MjhvRiKallEInYOwQ=
|   256 20:fe:a0:ce:52:f9:35:7b:8a:7a:d0:ee:c1:41:96:90 (ED25519)
|_ssh-ed25519 AAAAC3NzaC1lZDI1NTE5AAAAIExXNvezWQOdbUT6x5CVONGn40jz1tzPLJqQK4F/HEue
139/tcp  open  netbios-ssn syn-ack Samba smbd 3.X - 4.X (workgroup: WORKGROUP)
445/tcp  open  netbios-ssn syn-ack Samba smbd 4.3.11-Ubuntu (workgroup: WORKGROUP)
9001/tcp open  tor-orport? syn-ack
| fingerprint-strings: 
|   GenericLines, GetRequest, JavaRMI, Radmin: 
|     ================================================
|     Ashu's Password Protected Backdoor 
|     ================================================
|     Password Incorrect
|   NULL, SSLSessionReq, SSLv23SessionReq, TLSSessionReq, mongodb: 
|     ================================================
|     Ashu's Password Protected Backdoor 
|_    ================================================
9002/tcp open  dynamid?    syn-ack
| fingerprint-strings: 
|   DNSStatusRequestTCP, DNSVersionBindReqTCP, FourOhFourRequest, GetRequest, HTTPOptions, LANDesk-RC, NotesRPC, RTSPRequest, SIPOptions, afp, giop: 
|     Overly Limited Shell
|     Segfault
|   GenericLines, Help, JavaRMI, LPDString, X11Probe: 
|     Overly Limited Shell
|     Command Executed
|   Kerberos, LDAPBindReq, LDAPSearchReq, NCP, NULL, RPCCheck, SMBProgNeg, SSLSessionReq, TLSSessionReq, TerminalServer, TerminalServerCookie, WMSRequest, ms-sql-s, oracle-tns: 
|_    Overly Limited Shell
9999/tcp open  http        syn-ack Golang net/http server
| fingerprint-strings: 
|   FourOhFourRequest: 
|     HTTP/1.0 200 OK
|     Date: Mon, 18 Jan 2021 13:35:39 GMT
|     Content-Length: 1
|     Content-Type: text/plain; charset=utf-8
|   GenericLines, Help, LPDString, RTSPRequest, SIPOptions, SSLSessionReq, Socks5: 
|     HTTP/1.1 400 Bad Request
|     Content-Type: text/plain
|     Connection: close
|     Request
|   GetRequest: 
|     HTTP/1.0 200 OK
|     Date: Mon, 18 Jan 2021 13:35:37 GMT
|     Content-Length: 1
|     Content-Type: text/plain; charset=utf-8
|   HTTPOptions: 
|     HTTP/1.0 200 OK
|     Date: Mon, 18 Jan 2021 13:35:38 GMT
|     Content-Length: 1
|     Content-Type: text/plain; charset=utf-8
|   OfficeScan: 
|     HTTP/1.1 400 Bad Request
|     Content-Type: text/plain
|     Connection: close
|_    Request: missing required Host header
|_http-favicon: Unknown favicon MD5: 68B329DA9893E34099C7D8AD5CB9C940
| http-methods: 
|_  Supported Methods: GET HEAD POST OPTIONS
|_http-title: Site doesn't have a title (text/plain; charset=utf-8).
3 services unrecognized despite returning data. If you know the service/version, please submit the following fingerprints at https://nmap.org/cgi-bin/submit.cgi?new-service :
==============NEXT SERVICE FINGERPRINT (SUBMIT INDIVIDUALLY)==============
SF-Port9001-TCP:V=7.91%I=7%D=1/18%Time=60058EA8%P=x86_64-pc-linux-gnu%r(NU
SF:LL,95,"\n================================================\n\x20\x20\x20
SF:\x20\x20\x20Ashu's\x20Password\x20Protected\x20Backdoor\x20\x20\x20\x20
SF:\x20\x20\x20\x20\n================================================\n\n"
SF:)%r(GenericLines,A8,"\n================================================
SF:\n\x20\x20\x20\x20\x20\x20Ashu's\x20Password\x20Protected\x20Backdoor\x
SF:20\x20\x20\x20\x20\x20\x20\x20\n=======================================
SF:=========\n\nPassword\x20Incorrect\n")%r(GetRequest,A8,"\n=============
SF:===================================\n\x20\x20\x20\x20\x20\x20Ashu's\x20
SF:Password\x20Protected\x20Backdoor\x20\x20\x20\x20\x20\x20\x20\x20\n====
SF:============================================\n\nPassword\x20Incorrect\n
SF:")%r(SSLSessionReq,95,"\n==============================================
SF:==\n\x20\x20\x20\x20\x20\x20Ashu's\x20Password\x20Protected\x20Backdoor
SF:\x20\x20\x20\x20\x20\x20\x20\x20\n=====================================
SF:===========\n\n")%r(TLSSessionReq,95,"\n===============================
SF:=================\n\x20\x20\x20\x20\x20\x20Ashu's\x20Password\x20Protec
SF:ted\x20Backdoor\x20\x20\x20\x20\x20\x20\x20\x20\n======================
SF:==========================\n\n")%r(SSLv23SessionReq,95,"\n=============
SF:===================================\n\x20\x20\x20\x20\x20\x20Ashu's\x20
SF:Password\x20Protected\x20Backdoor\x20\x20\x20\x20\x20\x20\x20\x20\n====
SF:============================================\n\n")%r(JavaRMI,A8,"\n====
SF:============================================\n\x20\x20\x20\x20\x20\x20A
SF:shu's\x20Password\x20Protected\x20Backdoor\x20\x20\x20\x20\x20\x20\x20\
SF:x20\n================================================\n\nPassword\x20In
SF:correct\n")%r(Radmin,A8,"\n============================================
SF:====\n\x20\x20\x20\x20\x20\x20Ashu's\x20Password\x20Protected\x20Backdo
SF:or\x20\x20\x20\x20\x20\x20\x20\x20\n===================================
SF:=============\n\nPassword\x20Incorrect\n")%r(mongodb,95,"\n============
SF:====================================\n\x20\x20\x20\x20\x20\x20Ashu's\x2
SF:0Password\x20Protected\x20Backdoor\x20\x20\x20\x20\x20\x20\x20\x20\n===
SF:=============================================\n\n");
==============NEXT SERVICE FINGERPRINT (SUBMIT INDIVIDUALLY)==============
SF-Port9002-TCP:V=7.91%I=7%D=1/18%Time=60058EA8%P=x86_64-pc-linux-gnu%r(NU
SF:LL,15,"Overly\x20Limited\x20Shell\n")%r(GenericLines,26,"Overly\x20Limi
SF:ted\x20Shell\nCommand\x20Executed\n")%r(GetRequest,1E,"Overly\x20Limite
SF:d\x20Shell\nSegfault\n")%r(HTTPOptions,1E,"Overly\x20Limited\x20Shell\n
SF:Segfault\n")%r(RTSPRequest,1E,"Overly\x20Limited\x20Shell\nSegfault\n")
SF:%r(RPCCheck,15,"Overly\x20Limited\x20Shell\n")%r(DNSVersionBindReqTCP,1
SF:E,"Overly\x20Limited\x20Shell\nSegfault\n")%r(DNSStatusRequestTCP,1E,"O
SF:verly\x20Limited\x20Shell\nSegfault\n")%r(Help,26,"Overly\x20Limited\x2
SF:0Shell\nCommand\x20Executed\n")%r(SSLSessionReq,15,"Overly\x20Limited\x
SF:20Shell\n")%r(TerminalServerCookie,15,"Overly\x20Limited\x20Shell\n")%r
SF:(TLSSessionReq,15,"Overly\x20Limited\x20Shell\n")%r(Kerberos,15,"Overly
SF:\x20Limited\x20Shell\n")%r(SMBProgNeg,15,"Overly\x20Limited\x20Shell\n"
SF:)%r(X11Probe,26,"Overly\x20Limited\x20Shell\nCommand\x20Executed\n")%r(
SF:FourOhFourRequest,1E,"Overly\x20Limited\x20Shell\nSegfault\n")%r(LPDStr
SF:ing,26,"Overly\x20Limited\x20Shell\nCommand\x20Executed\n")%r(LDAPSearc
SF:hReq,15,"Overly\x20Limited\x20Shell\n")%r(LDAPBindReq,15,"Overly\x20Lim
SF:ited\x20Shell\n")%r(SIPOptions,1E,"Overly\x20Limited\x20Shell\nSegfault
SF:\n")%r(LANDesk-RC,1E,"Overly\x20Limited\x20Shell\nSegfault\n")%r(Termin
SF:alServer,15,"Overly\x20Limited\x20Shell\n")%r(NCP,15,"Overly\x20Limited
SF:\x20Shell\n")%r(NotesRPC,1E,"Overly\x20Limited\x20Shell\nSegfault\n")%r
SF:(JavaRMI,26,"Overly\x20Limited\x20Shell\nCommand\x20Executed\n")%r(WMSR
SF:equest,15,"Overly\x20Limited\x20Shell\n")%r(oracle-tns,15,"Overly\x20Li
SF:mited\x20Shell\n")%r(ms-sql-s,15,"Overly\x20Limited\x20Shell\n")%r(afp,
SF:1E,"Overly\x20Limited\x20Shell\nSegfault\n")%r(giop,1E,"Overly\x20Limit
SF:ed\x20Shell\nSegfault\n");
==============NEXT SERVICE FINGERPRINT (SUBMIT INDIVIDUALLY)==============
SF-Port9999-TCP:V=7.91%I=7%D=1/18%Time=60058EA8%P=x86_64-pc-linux-gnu%r(Ge
SF:tRequest,75,"HTTP/1\.0\x20200\x20OK\r\nDate:\x20Mon,\x2018\x20Jan\x2020
SF:21\x2013:35:37\x20GMT\r\nContent-Length:\x201\r\nContent-Type:\x20text/
SF:plain;\x20charset=utf-8\r\n\r\n\n")%r(HTTPOptions,75,"HTTP/1\.0\x20200\
SF:x20OK\r\nDate:\x20Mon,\x2018\x20Jan\x202021\x2013:35:38\x20GMT\r\nConte
SF:nt-Length:\x201\r\nContent-Type:\x20text/plain;\x20charset=utf-8\r\n\r\
SF:n\n")%r(FourOhFourRequest,75,"HTTP/1\.0\x20200\x20OK\r\nDate:\x20Mon,\x
SF:2018\x20Jan\x202021\x2013:35:39\x20GMT\r\nContent-Length:\x201\r\nConte
SF:nt-Type:\x20text/plain;\x20charset=utf-8\r\n\r\n\n")%r(GenericLines,58,
SF:"HTTP/1\.1\x20400\x20Bad\x20Request\r\nContent-Type:\x20text/plain\r\nC
SF:onnection:\x20close\r\n\r\n400\x20Bad\x20Request")%r(RTSPRequest,58,"HT
SF:TP/1\.1\x20400\x20Bad\x20Request\r\nContent-Type:\x20text/plain\r\nConn
SF:ection:\x20close\r\n\r\n400\x20Bad\x20Request")%r(Help,58,"HTTP/1\.1\x2
SF:0400\x20Bad\x20Request\r\nContent-Type:\x20text/plain\r\nConnection:\x2
SF:0close\r\n\r\n400\x20Bad\x20Request")%r(SSLSessionReq,58,"HTTP/1\.1\x20
SF:400\x20Bad\x20Request\r\nContent-Type:\x20text/plain\r\nConnection:\x20
SF:close\r\n\r\n400\x20Bad\x20Request")%r(LPDString,58,"HTTP/1\.1\x20400\x
SF:20Bad\x20Request\r\nContent-Type:\x20text/plain\r\nConnection:\x20close
SF:\r\n\r\n400\x20Bad\x20Request")%r(SIPOptions,58,"HTTP/1\.1\x20400\x20Ba
SF:d\x20Request\r\nContent-Type:\x20text/plain\r\nConnection:\x20close\r\n
SF:\r\n400\x20Bad\x20Request")%r(Socks5,58,"HTTP/1\.1\x20400\x20Bad\x20Req
SF:uest\r\nContent-Type:\x20text/plain\r\nConnection:\x20close\r\n\r\n400\
SF:x20Bad\x20Request")%r(OfficeScan,76,"HTTP/1\.1\x20400\x20Bad\x20Request
SF:\r\nContent-Type:\x20text/plain\r\nConnection:\x20close\r\n\r\n400\x20B
SF:ad\x20Request:\x20missing\x20required\x20Host\x20header");
Service Info: Host: THM-PROD; OSs: Unix, Linux; CPE: cpe:/o:linux:linux_kernel

Host script results:
|_clock-skew: mean: 2h40m01s, deviation: 4h37m09s, median: 0s
| p2p-conficker: 
|   Checking for Conficker.C or higher...
|   Check 1 (port 16968/tcp): CLEAN (Couldn't connect)
|   Check 2 (port 57071/tcp): CLEAN (Couldn't connect)
|   Check 3 (port 11500/udp): CLEAN (Timeout)
|   Check 4 (port 21641/udp): CLEAN (Failed to receive data)
|_  0/4 checks are positive: Host is CLEAN or ports are blocked
| smb-os-discovery: 
|   OS: Windows 6.1 (Samba 4.3.11-Ubuntu)
|   Computer name: thm-prod
|   NetBIOS computer name: THM-PROD\x00
|   Domain name: \x00
|   FQDN: thm-prod
|_  System time: 2021-01-18T05:37:56-08:00
| smb-security-mode: 
|   account_used: guest
|   authentication_level: user
|   challenge_response: supported
|_  message_signing: disabled (dangerous, but default)
| smb2-security-mode: 
|   2.02: 
|_    Message signing enabled but not required
| smb2-time: 
|   date: 2021-01-18T13:37:55
|_  start_date: N/A

NSE: Script Post-scanning.
NSE: Starting runlevel 1 (of 3) scan.
Initiating NSE at 19:08
Completed NSE at 19:08, 0.00s elapsed
NSE: Starting runlevel 2 (of 3) scan.
Initiating NSE at 19:08
Completed NSE at 19:08, 0.00s elapsed
NSE: Starting runlevel 3 (of 3) scan.
Initiating NSE at 19:08
Completed NSE at 19:08, 0.00s elapsed
Read data files from: /usr/bin/../share/nmap
Service detection performed. Please report any incorrect results at https://nmap.org/submit/ .
Nmap done: 1 IP address (1 host up) scanned in 169.53 seconds

